2019-07-30 01:17:12,528 - octoprint.startup - INFO - ******************************************************************************
2019-07-30 01:17:12,530 - octoprint.startup - INFO - Starting OctoPrint 1.3.11
2019-07-30 01:17:12,530 - octoprint.startup - INFO - ******************************************************************************
2019-07-30 01:17:12,594 - octoprint.plugin.core - INFO - Loading plugins from /opt/octoprint/venv/lib/python2.7/site-packages/OctoPrint-1.3.11-py2.7.egg/octoprint/plugins, /home/octoprint/.octoprint/plugins and installed plugin packages...
2019-07-30 01:17:12,878 - octoprint.plugin.core - INFO - Plugin Pi Support Plugin did not pass check, not loading.
2019-07-30 01:17:13,324 - octoprint.plugins.octoprint.plugins.discovery - INFO - pybonjour is not installed, Zeroconf Discovery won't be available
2019-07-30 01:17:13,349 - octoprint.plugin.core - INFO - Found 14 plugin(s) providing 14 mixin implementations, 22 hook handlers
2019-07-30 01:17:13,425 - octoprint.server.heartbeat - INFO - Starting server heartbeat, 900.0s interval
2019-07-30 01:17:13,445 - octoprint.server - INFO - Intermediary server started
2019-07-30 01:17:13,445 - octoprint.plugin.core - INFO - Loading plugins from /opt/octoprint/venv/lib/python2.7/site-packages/OctoPrint-1.3.11-py2.7.egg/octoprint/plugins, /home/octoprint/.octoprint/plugins and installed plugin packages...
2019-07-30 01:17:13,450 - octoprint.plugin.core - INFO - Plugin Pi Support Plugin did not pass check, not loading.
2019-07-30 01:17:13,466 - octoprint.plugin.core - INFO - Found 14 plugin(s) providing 14 mixin implementations, 22 hook handlers
2019-07-30 01:17:13,469 - octoprint.printer.profile - ERROR - Profile _default does not exist, creating _default again and setting it as default
2019-07-30 01:17:13,523 - octoprint.filemanager.storage - INFO - Initializing the file metadata for /home/octoprint/.octoprint/uploads...
2019-07-30 01:17:13,526 - octoprint.filemanager.storage - INFO - ... file metadata for /home/octoprint/.octoprint/uploads initialized successfully.
2019-07-30 01:17:14,206 - octoprint.util.pip - INFO - Using "/opt/octoprint/venv/bin/python -m pip" as command to invoke pip
2019-07-30 01:17:14,640 - octoprint.util.pip - INFO - Version of pip is 19.2.1
2019-07-30 01:17:14,641 - octoprint.util.pip - INFO - pip installs to /opt/octoprint/venv/lib/python2.7/site-packages (writable -> yes), --user flag needed -> no, virtual env -> yes
2019-07-30 01:17:14,642 - octoprint.util.pip - INFO - ==> pip ok -> yes
2019-07-30 01:17:14,646 - octoprint.plugin.core - INFO - Initialized 14 plugin implementation(s)
2019-07-30 01:17:14,694 - octoprint.plugin.core - INFO - 14 plugin(s) registered with the system:
|  Action Command Prompt Support (bundled) = /opt/octoprint/venv/lib/python2.7/site-packages/OctoPrint-1.3.11-py2.7.egg/octoprint/plugins/action_command_prompt
|  Announcement Plugin (bundled) = /opt/octoprint/venv/lib/python2.7/site-packages/OctoPrint-1.3.11-py2.7.egg/octoprint/plugins/announcements
|  Anonymous Usage Tracking (bundled) = /opt/octoprint/venv/lib/python2.7/site-packages/OctoPrint-1.3.11-py2.7.egg/octoprint/plugins/tracking
|  Application Keys Plugin (bundled) = /opt/octoprint/venv/lib/python2.7/site-packages/OctoPrint-1.3.11-py2.7.egg/octoprint/plugins/appkeys
|  Backup & Restore (bundled) = /opt/octoprint/venv/lib/python2.7/site-packages/OctoPrint-1.3.11-py2.7.egg/octoprint/plugins/backup
|  Core Wizard (bundled) = /opt/octoprint/venv/lib/python2.7/site-packages/OctoPrint-1.3.11-py2.7.egg/octoprint/plugins/corewizard
|  Discovery (bundled) = /opt/octoprint/venv/lib/python2.7/site-packages/OctoPrint-1.3.11-py2.7.egg/octoprint/plugins/discovery
|  Error Tracking (bundled) = /opt/octoprint/venv/lib/python2.7/site-packages/OctoPrint-1.3.11-py2.7.egg/octoprint/plugins/errortracking
|  Force Login (bundled) = /opt/octoprint/venv/lib/python2.7/site-packages/OctoPrint-1.3.11-py2.7.egg/octoprint/plugins/forcelogin
|  Logging (bundled) = /opt/octoprint/venv/lib/python2.7/site-packages/OctoPrint-1.3.11-py2.7.egg/octoprint/plugins/logging
|  Plugin Manager (bundled) = /opt/octoprint/venv/lib/python2.7/site-packages/OctoPrint-1.3.11-py2.7.egg/octoprint/plugins/pluginmanager
|  Printer Safety Check (bundled) = /opt/octoprint/venv/lib/python2.7/site-packages/OctoPrint-1.3.11-py2.7.egg/octoprint/plugins/printer_safety_check
|  Software Update (bundled) = /opt/octoprint/venv/lib/python2.7/site-packages/OctoPrint-1.3.11-py2.7.egg/octoprint/plugins/softwareupdate
|  Virtual Printer (bundled) = /opt/octoprint/venv/lib/python2.7/site-packages/OctoPrint-1.3.11-py2.7.egg/octoprint/plugins/virtual_printer
2019-07-30 01:17:14,698 - octoprint.environment - INFO - Detected environment is Python 2.7.16 under Linux (linux2). Details:
|  hardware:
|    cores: 4
|    freq: 0.0
|    ram: 2095968256
|  os:
|    id: linux
|    platform: linux2
|  python:
|    pip: 19.2.1
|    version: 2.7.16
|    virtualenv: /opt/octoprint/venv
2019-07-30 01:17:14,704 - octoprint.server - INFO - Reset webasset folder /home/octoprint/.octoprint/generated/webassets...
2019-07-30 01:17:14,705 - octoprint.server - INFO - Reset webasset folder /home/octoprint/.octoprint/generated/.webassets-cache...
2019-07-30 01:17:14,946 - octoprint.server - INFO - Shutting down intermediary server...
2019-07-30 01:17:14,949 - octoprint.server - INFO - Intermediary server shut down
2019-07-30 01:17:14,951 - octoprint.events - INFO - Processing startup event, this is our first event
2019-07-30 01:17:14,952 - octoprint.events - INFO - Adding 0 events to queue that were held back before startup event
2019-07-30 01:17:14,954 - octoprint.filemanager - INFO - Adding backlog items from all storage types to analysis queue...
2019-07-30 01:17:14,958 - octoprint.filemanager - INFO - Added 0 items from storage type "local" to analysis queue
2019-07-30 01:17:14,983 - octoprint.util.comm - INFO - Changing monitoring state from "Offline" to "Detecting serial port"
2019-07-30 01:17:14,986 - octoprint.util.comm - INFO - Changing monitoring state from "Detecting serial port" to "Error: Failed to autodetect serial port, please set it manually."
2019-07-30 01:17:14,988 - octoprint.server.util.watchdog - INFO - Running initial scan on watched folder...
2019-07-30 01:17:14,992 - octoprint.server.util.watchdog - INFO - ... initial scan done.
2019-07-30 01:17:14,995 - octoprint.plugins.discovery - INFO - Registered OctoPrint instance on 8277430add4d for SSDP
2019-07-30 01:17:15,000 - octoprint.server - INFO - Listening on http://0.0.0.0:5000 and http://[::]:5000
2019-07-30 01:17:15,157 - octoprint.plugins.announcements - INFO - Loaded channel _important from https://octoprint.org/feeds/important.xml in 0.15s
2019-07-30 01:17:15,178 - octoprint.plugins.pluginmanager - INFO - Loaded plugin repository data from https://plugins.octoprint.org/plugins.json
2019-07-30 01:17:15,476 - octoprint.plugins.announcements - INFO - Loaded channel _releases from https://octoprint.org/feeds/releases.xml in 0.14s
2019-07-30 01:17:15,522 - octoprint.plugins.pluginmanager - INFO - Loaded plugin notices data from https://plugins.octoprint.org/notices.json
2019-07-30 01:17:15,585 - octoprint.util.pip - INFO - Using "/opt/octoprint/venv/bin/python -m pip" as command to invoke pip
2019-07-30 01:17:15,586 - octoprint.util.pip - INFO - pip installs to /opt/octoprint/venv/lib/python2.7/site-packages (writable -> yes), --user flag needed -> no, virtual env -> yes
2019-07-30 01:17:15,587 - octoprint.util.pip - INFO - ==> pip ok -> yes
2019-07-30 01:17:15,705 - octoprint.plugins.announcements - INFO - Loaded channel _blog from https://octoprint.org/feeds/octoblog.xml in 0.15s
2019-07-30 01:17:15,902 - octoprint.plugins.announcements - INFO - Loaded channel _plugins from https://plugins.octoprint.org/feed.xml in 0.13s
2019-07-30 01:17:16,084 - octoprint.plugins.announcements - INFO - Loaded channel _octopi from https://octoprint.org/feeds/octopi.xml in 0.15s
2019-07-30 01:17:16,547 - octoprint.server.util.sockjs - INFO - New connection from client: 172.20.0.1
2019-07-30 01:17:16,564 - octoprint.server.util.flask - INFO - Passively logging in user dummy from 172.20.0.1
2019-07-30 01:17:16,610 - octoprint.util.pip - INFO - Using "/opt/octoprint/venv/bin/python -m pip" as command to invoke pip
2019-07-30 01:17:17,416 - octoprint.util.pip - INFO - pip installs to /opt/octoprint/venv/lib/python2.7/site-packages/ (writable -> yes), --user flag needed -> no, virtual env -> yes
2019-07-30 01:17:17,416 - octoprint.util.pip - INFO - ==> pip ok -> yes
2019-07-30 01:17:17,427 - octoprint.plugins.softwareupdate - INFO - Saved version cache to disk
2019-07-30 01:17:17,740 - octoprint.server.util.flask.PreemptiveCache - INFO - Adding entry for / and {'query_string': 'l10n=en', 'path': u'/', '_count': 1, '_timestamp': 1564449437.74051, 'base_url': u'http://localhost:5000/'}
2019-07-30 01:17:20,556 - octoprint.server.util.sockjs - INFO - Client connection closed: 172.20.0.1
2019-07-30 01:17:21,189 - octoprint.server.util.sockjs - INFO - New connection from client: 172.20.0.1
2019-07-30 01:17:21,210 - octoprint.server.util.flask - INFO - Passively logging in user dummy from 172.20.0.1
2019-07-30 01:17:50,430 - octoprint.server.util.sockjs - INFO - Client connection closed: 172.20.0.1
2019-07-30 01:18:42,292 - octoprint.server - INFO - Shutting down...
2019-07-30 01:18:43,229 - octoprint.events - INFO - Processing shutdown event, this will be our last event
2019-07-30 01:18:43,232 - octoprint.events - INFO - Event loop shut down
2019-07-30 01:18:43,235 - octoprint.server - INFO - Goodbye!
2019-07-30 01:23:30,913 - octoprint.startup - INFO - ******************************************************************************
2019-07-30 01:23:30,915 - octoprint.startup - INFO - Starting OctoPrint 1.3.11
2019-07-30 01:23:30,915 - octoprint.startup - INFO - ******************************************************************************
2019-07-30 01:23:30,984 - octoprint.plugin.core - INFO - Loading plugins from /opt/octoprint/venv/lib/python2.7/site-packages/OctoPrint-1.3.11-py2.7.egg/octoprint/plugins, /home/octoprint/.octoprint/plugins and installed plugin packages...
2019-07-30 01:23:31,024 - octoprint.util.connectivity_checker - INFO - Connectivity changed from offline to online
2019-07-30 01:23:31,210 - octoprint.plugin.core - INFO - Plugin Pi Support Plugin did not pass check, not loading.
2019-07-30 01:23:31,512 - octoprint.plugins.octoprint.plugins.discovery - INFO - pybonjour is not installed, Zeroconf Discovery won't be available
2019-07-30 01:23:31,515 - octoprint.plugin.core - INFO - Found 14 plugin(s) providing 14 mixin implementations, 22 hook handlers
2019-07-30 01:23:31,589 - octoprint.server.heartbeat - INFO - Starting server heartbeat, 900.0s interval
2019-07-30 01:23:31,602 - octoprint.server - INFO - Intermediary server started
2019-07-30 01:23:31,603 - octoprint.plugin.core - INFO - Loading plugins from /opt/octoprint/venv/lib/python2.7/site-packages/OctoPrint-1.3.11-py2.7.egg/octoprint/plugins, /home/octoprint/.octoprint/plugins and installed plugin packages...
2019-07-30 01:23:31,607 - octoprint.plugin.core - INFO - Plugin Pi Support Plugin did not pass check, not loading.
2019-07-30 01:23:31,622 - octoprint.plugin.core - INFO - Found 14 plugin(s) providing 14 mixin implementations, 22 hook handlers
2019-07-30 01:23:31,638 - octoprint.filemanager.storage - INFO - Initializing the file metadata for /home/octoprint/.octoprint/uploads...
2019-07-30 01:23:31,640 - octoprint.filemanager.storage - INFO - ... file metadata for /home/octoprint/.octoprint/uploads initialized successfully.
2019-07-30 01:23:31,662 - octoprint.plugins.softwareupdate - INFO - Loaded version cache from disk
2019-07-30 01:23:32,056 - octoprint.util.pip - INFO - Using "/opt/octoprint/venv/bin/python -m pip" as command to invoke pip
2019-07-30 01:23:32,469 - octoprint.util.pip - INFO - Version of pip is 19.2.1
2019-07-30 01:23:32,470 - octoprint.util.pip - INFO - pip installs to /opt/octoprint/venv/lib/python2.7/site-packages (writable -> yes), --user flag needed -> no, virtual env -> yes
2019-07-30 01:23:32,471 - octoprint.util.pip - INFO - ==> pip ok -> yes
2019-07-30 01:23:32,476 - octoprint.plugin.core - INFO - Initialized 14 plugin implementation(s)
2019-07-30 01:23:32,481 - octoprint.plugin.core - INFO - 14 plugin(s) registered with the system:
|  Action Command Prompt Support (bundled) = /opt/octoprint/venv/lib/python2.7/site-packages/OctoPrint-1.3.11-py2.7.egg/octoprint/plugins/action_command_prompt
|  Announcement Plugin (bundled) = /opt/octoprint/venv/lib/python2.7/site-packages/OctoPrint-1.3.11-py2.7.egg/octoprint/plugins/announcements
|  Anonymous Usage Tracking (bundled) = /opt/octoprint/venv/lib/python2.7/site-packages/OctoPrint-1.3.11-py2.7.egg/octoprint/plugins/tracking
|  Application Keys Plugin (bundled) = /opt/octoprint/venv/lib/python2.7/site-packages/OctoPrint-1.3.11-py2.7.egg/octoprint/plugins/appkeys
|  Backup & Restore (bundled) = /opt/octoprint/venv/lib/python2.7/site-packages/OctoPrint-1.3.11-py2.7.egg/octoprint/plugins/backup
|  Core Wizard (bundled) = /opt/octoprint/venv/lib/python2.7/site-packages/OctoPrint-1.3.11-py2.7.egg/octoprint/plugins/corewizard
|  Discovery (bundled) = /opt/octoprint/venv/lib/python2.7/site-packages/OctoPrint-1.3.11-py2.7.egg/octoprint/plugins/discovery
|  Error Tracking (bundled) = /opt/octoprint/venv/lib/python2.7/site-packages/OctoPrint-1.3.11-py2.7.egg/octoprint/plugins/errortracking
|  Force Login (bundled) = /opt/octoprint/venv/lib/python2.7/site-packages/OctoPrint-1.3.11-py2.7.egg/octoprint/plugins/forcelogin
|  Logging (bundled) = /opt/octoprint/venv/lib/python2.7/site-packages/OctoPrint-1.3.11-py2.7.egg/octoprint/plugins/logging
|  Plugin Manager (bundled) = /opt/octoprint/venv/lib/python2.7/site-packages/OctoPrint-1.3.11-py2.7.egg/octoprint/plugins/pluginmanager
|  Printer Safety Check (bundled) = /opt/octoprint/venv/lib/python2.7/site-packages/OctoPrint-1.3.11-py2.7.egg/octoprint/plugins/printer_safety_check
|  Software Update (bundled) = /opt/octoprint/venv/lib/python2.7/site-packages/OctoPrint-1.3.11-py2.7.egg/octoprint/plugins/softwareupdate
|  Virtual Printer (bundled) = /opt/octoprint/venv/lib/python2.7/site-packages/OctoPrint-1.3.11-py2.7.egg/octoprint/plugins/virtual_printer
2019-07-30 01:23:32,486 - octoprint.environment - INFO - Detected environment is Python 2.7.16 under Linux (linux2). Details:
|  hardware:
|    cores: 4
|    freq: 0.0
|    ram: 2095968256
|  os:
|    id: linux
|    platform: linux2
|  python:
|    pip: 19.2.1
|    version: 2.7.16
|    virtualenv: /opt/octoprint/venv
2019-07-30 01:23:32,498 - octoprint.server - INFO - Reset webasset folder /home/octoprint/.octoprint/generated/webassets...
2019-07-30 01:23:32,649 - octoprint.server - INFO - Reset webasset folder /home/octoprint/.octoprint/generated/.webassets-cache...
2019-07-30 01:23:32,904 - octoprint.server - INFO - Shutting down intermediary server...
2019-07-30 01:23:33,110 - octoprint.server - INFO - Intermediary server shut down
2019-07-30 01:23:33,112 - octoprint.events - INFO - Processing startup event, this is our first event
2019-07-30 01:23:33,113 - octoprint.events - INFO - Adding 1 events to queue that were held back before startup event
2019-07-30 01:23:33,116 - octoprint.filemanager - INFO - Adding backlog items from all storage types to analysis queue...
2019-07-30 01:23:33,121 - octoprint.filemanager - INFO - Added 0 items from storage type "local" to analysis queue
2019-07-30 01:23:33,135 - octoprint.server.util.watchdog - INFO - Running initial scan on watched folder...
2019-07-30 01:23:33,142 - octoprint.server.util.watchdog - INFO - ... initial scan done.
2019-07-30 01:23:33,150 - octoprint.plugins.pluginmanager - INFO - Loaded plugin repository data from disk, was still valid
2019-07-30 01:23:33,169 - octoprint.server - INFO - Listening on http://0.0.0.0:5000 and http://[::]:5000
2019-07-30 01:23:33,173 - octoprint.plugins.discovery - INFO - Registered OctoPrint instance on 4500f6919f8d for SSDP
2019-07-30 01:23:33,211 - octoprint.plugins.pluginmanager - INFO - Loaded plugin repository data from disk, was still valid
2019-07-30 01:23:33,633 - octoprint.util.pip - INFO - Using "/opt/octoprint/venv/bin/python -m pip" as command to invoke pip
2019-07-30 01:23:33,637 - octoprint.util.pip - INFO - pip installs to /opt/octoprint/venv/lib/python2.7/site-packages (writable -> yes), --user flag needed -> no, virtual env -> yes
2019-07-30 01:23:33,639 - octoprint.util.pip - INFO - ==> pip ok -> yes
2019-07-30 01:23:33,707 - octoprint.plugins.pluginmanager - INFO - Loaded notice data from disk, was still valid
2019-07-30 01:23:33,876 - octoprint.plugins.pluginmanager - INFO - Loaded notice data from disk, was still valid
2019-07-30 01:23:33,940 - octoprint.server.preemptive_cache - INFO - Preemptively caching / (ui _default) for {'query_string': 'l10n=en', 'path': '/', 'base_url': 'http://localhost:5000/'}
2019-07-30 01:23:36,751 - octoprint.server.preemptive_cache - INFO - ... done in 2.81s
2019-07-30 01:23:48,763 - octoprint.server.util.sockjs - INFO - New connection from client: 172.20.0.1
2019-07-30 01:23:48,788 - octoprint.server.util.flask - INFO - Passively logging in user dummy from 172.20.0.1
2019-07-30 01:27:36,907 - octoprint.server.util.sockjs - INFO - Client connection closed: 172.20.0.1
2019-07-30 01:27:37,509 - octoprint.server.util.sockjs - INFO - New connection from client: 172.20.0.1
2019-07-30 01:27:37,533 - octoprint.server.util.flask - INFO - Passively logging in user dummy from 172.20.0.1
2019-07-30 01:27:48,427 - octoprint.server - INFO - Shutting down...
2019-07-30 01:27:48,652 - octoprint.events - INFO - Processing shutdown event, this will be our last event
2019-07-30 01:27:48,657 - octoprint.events - INFO - Event loop shut down
2019-07-30 01:27:48,659 - octoprint.server - INFO - Goodbye!
2019-07-30 01:27:56,561 - octoprint.startup - INFO - ******************************************************************************
2019-07-30 01:27:56,562 - octoprint.startup - INFO - Starting OctoPrint 1.3.11
2019-07-30 01:27:56,563 - octoprint.startup - INFO - ******************************************************************************
2019-07-30 01:27:56,639 - octoprint.plugin.core - INFO - Loading plugins from /opt/octoprint/venv/lib/python2.7/site-packages/OctoPrint-1.3.11-py2.7.egg/octoprint/plugins, /home/octoprint/.octoprint/plugins and installed plugin packages...
2019-07-30 01:27:56,655 - octoprint.util.connectivity_checker - INFO - Connectivity changed from offline to online
2019-07-30 01:27:56,736 - octoprint.plugin.core - INFO - Plugin Pi Support Plugin did not pass check, not loading.
2019-07-30 01:27:57,047 - octoprint.plugins.octoprint.plugins.discovery - INFO - pybonjour is not installed, Zeroconf Discovery won't be available
2019-07-30 01:27:57,051 - octoprint.plugin.core - INFO - Found 14 plugin(s) providing 14 mixin implementations, 22 hook handlers
2019-07-30 01:27:57,107 - octoprint.server.heartbeat - INFO - Starting server heartbeat, 900.0s interval
2019-07-30 01:27:57,122 - octoprint.server - INFO - Intermediary server started
2019-07-30 01:27:57,122 - octoprint.plugin.core - INFO - Loading plugins from /opt/octoprint/venv/lib/python2.7/site-packages/OctoPrint-1.3.11-py2.7.egg/octoprint/plugins, /home/octoprint/.octoprint/plugins and installed plugin packages...
2019-07-30 01:27:57,128 - octoprint.plugin.core - INFO - Plugin Pi Support Plugin did not pass check, not loading.
2019-07-30 01:27:57,144 - octoprint.plugin.core - INFO - Found 14 plugin(s) providing 14 mixin implementations, 22 hook handlers
2019-07-30 01:27:57,169 - octoprint.filemanager.storage - INFO - Initializing the file metadata for /home/octoprint/.octoprint/uploads...
2019-07-30 01:27:57,175 - octoprint.filemanager.storage - INFO - ... file metadata for /home/octoprint/.octoprint/uploads initialized successfully.
2019-07-30 01:27:57,202 - octoprint.plugins.softwareupdate - INFO - Loaded version cache from disk
2019-07-30 01:27:57,650 - octoprint.util.pip - INFO - Using "/opt/octoprint/venv/bin/python -m pip" as command to invoke pip
2019-07-30 01:27:58,079 - octoprint.util.pip - INFO - Version of pip is 19.2.1
2019-07-30 01:27:58,080 - octoprint.util.pip - INFO - pip installs to /opt/octoprint/venv/lib/python2.7/site-packages (writable -> yes), --user flag needed -> no, virtual env -> yes
2019-07-30 01:27:58,081 - octoprint.util.pip - INFO - ==> pip ok -> yes
2019-07-30 01:27:58,085 - octoprint.plugin.core - INFO - Initialized 14 plugin implementation(s)
2019-07-30 01:27:58,091 - octoprint.plugin.core - INFO - 14 plugin(s) registered with the system:
|  Action Command Prompt Support (bundled) = /opt/octoprint/venv/lib/python2.7/site-packages/OctoPrint-1.3.11-py2.7.egg/octoprint/plugins/action_command_prompt
|  Announcement Plugin (bundled) = /opt/octoprint/venv/lib/python2.7/site-packages/OctoPrint-1.3.11-py2.7.egg/octoprint/plugins/announcements
|  Anonymous Usage Tracking (bundled) = /opt/octoprint/venv/lib/python2.7/site-packages/OctoPrint-1.3.11-py2.7.egg/octoprint/plugins/tracking
|  Application Keys Plugin (bundled) = /opt/octoprint/venv/lib/python2.7/site-packages/OctoPrint-1.3.11-py2.7.egg/octoprint/plugins/appkeys
|  Backup & Restore (bundled) = /opt/octoprint/venv/lib/python2.7/site-packages/OctoPrint-1.3.11-py2.7.egg/octoprint/plugins/backup
|  Core Wizard (bundled) = /opt/octoprint/venv/lib/python2.7/site-packages/OctoPrint-1.3.11-py2.7.egg/octoprint/plugins/corewizard
|  Discovery (bundled) = /opt/octoprint/venv/lib/python2.7/site-packages/OctoPrint-1.3.11-py2.7.egg/octoprint/plugins/discovery
|  Error Tracking (bundled) = /opt/octoprint/venv/lib/python2.7/site-packages/OctoPrint-1.3.11-py2.7.egg/octoprint/plugins/errortracking
|  Force Login (bundled) = /opt/octoprint/venv/lib/python2.7/site-packages/OctoPrint-1.3.11-py2.7.egg/octoprint/plugins/forcelogin
|  Logging (bundled) = /opt/octoprint/venv/lib/python2.7/site-packages/OctoPrint-1.3.11-py2.7.egg/octoprint/plugins/logging
|  Plugin Manager (bundled) = /opt/octoprint/venv/lib/python2.7/site-packages/OctoPrint-1.3.11-py2.7.egg/octoprint/plugins/pluginmanager
|  Printer Safety Check (bundled) = /opt/octoprint/venv/lib/python2.7/site-packages/OctoPrint-1.3.11-py2.7.egg/octoprint/plugins/printer_safety_check
|  Software Update (bundled) = /opt/octoprint/venv/lib/python2.7/site-packages/OctoPrint-1.3.11-py2.7.egg/octoprint/plugins/softwareupdate
|  Virtual Printer (bundled) = /opt/octoprint/venv/lib/python2.7/site-packages/OctoPrint-1.3.11-py2.7.egg/octoprint/plugins/virtual_printer
2019-07-30 01:27:58,097 - octoprint.environment - INFO - Detected environment is Python 2.7.16 under Linux (linux2). Details:
|  hardware:
|    cores: 4
|    freq: 0.0
|    ram: 2095968256
|  os:
|    id: linux
|    platform: linux2
|  python:
|    pip: 19.2.1
|    version: 2.7.16
|    virtualenv: /opt/octoprint/venv
2019-07-30 01:27:58,110 - octoprint.server - INFO - Reset webasset folder /home/octoprint/.octoprint/generated/webassets...
2019-07-30 01:27:58,274 - octoprint.server - INFO - Reset webasset folder /home/octoprint/.octoprint/generated/.webassets-cache...
2019-07-30 01:27:58,533 - octoprint.server - INFO - Shutting down intermediary server...
2019-07-30 01:28:00,334 - octoprint.server - INFO - Intermediary server shut down
2019-07-30 01:28:00,339 - octoprint.events - INFO - Processing startup event, this is our first event
2019-07-30 01:28:00,340 - octoprint.events - INFO - Adding 1 events to queue that were held back before startup event
2019-07-30 01:28:00,347 - octoprint.filemanager - INFO - Adding backlog items from all storage types to analysis queue...
2019-07-30 01:28:00,365 - octoprint.filemanager - INFO - Added 0 items from storage type "local" to analysis queue
2019-07-30 01:28:00,412 - octoprint.plugins.pluginmanager - INFO - Loaded plugin repository data from disk, was still valid
2019-07-30 01:28:00,438 - octoprint.server.util.watchdog - INFO - Running initial scan on watched folder...
2019-07-30 01:28:00,447 - octoprint.server.util.watchdog - INFO - ... initial scan done.
2019-07-30 01:28:00,497 - octoprint.plugins.discovery - INFO - Registered OctoPrint instance on 4500f6919f8d for SSDP
2019-07-30 01:28:00,507 - octoprint.server - INFO - Listening on http://0.0.0.0:5000 and http://[::]:5000
2019-07-30 01:28:00,579 - octoprint.plugins.pluginmanager - INFO - Loaded plugin repository data from disk, was still valid
2019-07-30 01:28:01,094 - octoprint.util.pip - INFO - Using "/opt/octoprint/venv/bin/python -m pip" as command to invoke pip
2019-07-30 01:28:01,098 - octoprint.util.pip - INFO - pip installs to /opt/octoprint/venv/lib/python2.7/site-packages (writable -> yes), --user flag needed -> no, virtual env -> yes
2019-07-30 01:28:01,103 - octoprint.util.pip - INFO - ==> pip ok -> yes
2019-07-30 01:28:01,215 - octoprint.plugins.pluginmanager - INFO - Loaded notice data from disk, was still valid
2019-07-30 01:28:01,378 - octoprint.plugins.pluginmanager - INFO - Loaded notice data from disk, was still valid
2019-07-30 01:28:01,563 - octoprint.server.preemptive_cache - INFO - Preemptively caching / (ui _default) for {'query_string': 'l10n=en', 'path': '/', 'base_url': 'http://localhost:5000/'}
2019-07-30 01:28:01,887 - tornado.access - WARNING - 404 GET /static/webassets/packed_libs.css?ec88168c (172.20.0.1) 13.94ms
2019-07-30 01:28:01,896 - tornado.access - WARNING - 404 GET /static/webassets/packed_core.css?0ff3ce14 (172.20.0.1) 2.42ms
2019-07-30 01:28:02,357 - tornado.access - WARNING - 404 GET /static/webassets/packed_libs.js?ea9fbc9a (172.20.0.1) 3.73ms
2019-07-30 01:28:02,543 - tornado.access - WARNING - 404 GET /static/webassets/packed_client.js?b633422c (172.20.0.1) 8.45ms
2019-07-30 01:28:02,554 - tornado.access - WARNING - 404 GET /static/webassets/packed_core.js?d53a5340 (172.20.0.1) 6.89ms
2019-07-30 01:28:02,570 - tornado.access - WARNING - 404 GET /static/webassets/packed_libs.js?ea9fbc9a (172.20.0.1) 4.52ms
2019-07-30 01:28:02,581 - tornado.access - WARNING - 404 GET /static/webassets/packed_client.js?b633422c (172.20.0.1) 4.46ms
2019-07-30 01:28:02,593 - tornado.access - WARNING - 404 GET /static/webassets/packed_core.js?d53a5340 (172.20.0.1) 5.64ms
2019-07-30 01:28:04,868 - octoprint.server.preemptive_cache - INFO - ... done in 3.31s
2019-07-30 01:28:12,627 - octoprint.server.util.sockjs - INFO - New connection from client: 172.20.0.1
2019-07-30 01:28:12,652 - octoprint.server.util.flask - INFO - Passively logging in user dummy from 172.20.0.1
2019-07-30 01:28:20,665 - octoprint.util.comm - INFO - Changing monitoring state from "Offline" to "Opening serial port"
2019-07-30 01:28:20,672 - octoprint.util.comm - INFO - Changing monitoring state from "Opening serial port" to "Detecting baudrate"
2019-07-30 01:28:21,681 - octoprint.util.comm - INFO - M110 detected, setting current line number to 0
2019-07-30 01:28:21,685 - octoprint.util.comm - INFO - Changing monitoring state from "Detecting baudrate" to "Operational"
2019-07-30 01:28:21,692 - octoprint.util.comm - INFO - M110 detected, setting current line number to 0
2019-07-30 01:28:21,711 - octoprint.util.comm - INFO - Printer reports firmware name "Virtual Marlin 1.0"
2019-07-30 01:28:21,713 - octoprint.util.comm - INFO - Firmware states that it supports emergency GCODEs to be sent without waiting for an acknowledgement first
2019-07-30 01:28:21,714 - octoprint.util.comm - INFO - Firmware states that it supports sd status autoreporting
2019-07-30 01:28:21,716 - octoprint.util.comm - INFO - Firmware states that it supports temperature autoreporting
2019-07-30 01:28:21,893 - octoprint.util.comm - INFO - Changing monitoring state from "Operational" to "Offline"
2019-07-30 01:28:21,898 - octoprint.plugins.virtual_printer.VirtualPrinter - INFO - Closing down read loop
2019-07-30 01:28:22,167 - octoprint.plugins.virtual_printer.VirtualPrinter - INFO - Closing down buffer loop
2019-07-30 01:30:05,007 - octoprint.server.util.sockjs - INFO - Client connection closed: 172.20.0.1
