2021-11-07 13:30:16,970 ------------------------------------------------------------------------------
2021-11-07 13:30:17,023 >>> start
2021-11-07 13:30:17,034 >>> Marlin: Virtual Marlin!
2021-11-07 13:30:17,036 >>> €
2021-11-07 13:30:17,036 <<< N0 M110 N0*125
2021-11-07 13:30:17,039 >>> SD card ok
2021-11-07 13:30:17,042 >>> ok
2021-11-07 13:30:17,044 <<< N1 M115*39
2021-11-07 13:30:17,051 >>> FIRMWARE_NAME: Virtual Marlin 1.0 PROTOCOL_VERSION:1.0
2021-11-07 13:30:17,054 >>> ok
2021-11-07 13:30:17,055 <<< M21
2021-11-07 13:30:17,056 >>> SD card ok
2021-11-07 13:30:17,057 >>> ok
2021-11-07 13:30:17,059 <<< M105
2021-11-07 13:30:17,066 >>> ok T:21.30 /0.00 B:21.30 /0.00 @:64
2021-11-07 13:30:17,069 <<< M20
2021-11-07 13:30:17,073 >>> Begin file list
2021-11-07 13:30:17,075 >>> End file list
2021-11-07 13:30:17,077 >>> ok
2021-11-07 13:30:17,190 ------------------------------------------------------------------------------
2021-11-07 13:30:17,210 >>> start
2021-11-07 13:30:17,225 >>> Marlin: Virtual Marlin!
2021-11-07 13:30:17,229 >>> €
2021-11-07 13:30:17,230 >>> SD card ok
2021-11-07 13:30:17,231 <<< N0 M110 N0*125
2021-11-07 13:30:17,239 >>> ok
2021-11-07 13:30:17,243 <<< N1 M115*39
2021-11-07 13:30:17,245 >>> FIRMWARE_NAME: Virtual Marlin 1.0 PROTOCOL_VERSION:1.0
2021-11-07 13:30:17,248 >>> ok
2021-11-07 13:30:17,250 <<< M21
2021-11-07 13:30:17,253 >>> SD card ok
2021-11-07 13:30:17,254 >>> ok
2021-11-07 13:30:17,256 <<< M20
2021-11-07 13:30:17,263 >>> Begin file list
2021-11-07 13:30:17,265 >>> End file list
2021-11-07 13:30:17,266 >>> ok
2021-11-07 13:30:18,099 >>> wait
2021-11-07 13:30:18,290 >>> wait
2021-11-07 13:30:19,123 >>> wait
2021-11-07 13:30:19,312 >>> wait
2021-11-07 13:30:20,146 >>> wait
2021-11-07 13:30:20,286 >>> wait
2021-11-07 13:30:21,120 >>> wait
2021-11-07 13:30:21,311 >>> wait
2021-11-07 13:30:22,033 <<< M105
2021-11-07 13:30:22,044 >>> ok T:21.30 /0.00 B:21.30 /0.00 @:64
2021-11-07 13:30:22,216 <<< M105
2021-11-07 13:30:22,235 >>> ok T:21.30 /0.00 B:21.30 /0.00 @:64
2021-11-07 13:30:23,068 >>> wait
2021-11-07 13:30:23,258 >>> wait
2021-11-07 13:30:24,093 >>> wait
2021-11-07 13:30:24,232 >>> wait
2021-11-07 13:30:25,068 >>> wait
2021-11-07 13:30:25,266 >>> wait
2021-11-07 13:30:26,092 >>> wait
2021-11-07 13:30:26,291 >>> wait
2021-11-07 13:30:27,034 <<< M105
2021-11-07 13:30:27,064 >>> ok T:21.30 /0.00 B:21.30 /0.00 @:64
2021-11-07 13:30:27,217 <<< M105
2021-11-07 13:30:27,266 >>> ok T:21.30 /0.00 B:21.30 /0.00 @:64
2021-11-07 13:30:28,036 >>> wait
2021-11-07 13:30:28,240 >>> wait
2021-11-07 13:30:29,063 >>> wait
2021-11-07 13:30:29,265 >>> wait
2021-11-07 13:30:30,088 >>> wait
2021-11-07 13:30:30,240 >>> wait
2021-11-07 13:30:31,061 >>> wait
2021-11-07 13:30:31,263 >>> wait
2021-11-07 13:30:32,034 <<< M105
2021-11-07 13:30:32,086 >>> ok T:21.30 /0.00 B:21.30 /0.00 @:64
2021-11-07 13:30:32,217 <<< M105
2021-11-07 13:30:32,237 >>> ok T:21.30 /0.00 B:21.30 /0.00 @:64
2021-11-07 13:30:33,059 >>> wait
2021-11-07 13:30:33,261 >>> wait
2021-11-07 13:30:34,086 >>> wait
2021-11-07 13:30:34,237 >>> wait
2021-11-07 13:30:35,059 >>> wait
2021-11-07 13:30:35,261 >>> wait
2021-11-07 13:30:36,084 >>> wait
2021-11-07 13:30:36,286 >>> wait
2021-11-07 13:30:37,035 <<< M105
2021-11-07 13:30:37,058 >>> ok T:21.30 /0.00 B:21.30 /0.00 @:64
2021-11-07 13:30:37,218 <<< M105
2021-11-07 13:30:37,259 >>> ok T:21.30 /0.00 B:21.30 /0.00 @:64
2021-11-07 13:30:38,081 >>> wait
2021-11-07 13:30:38,232 >>> wait
2021-11-07 13:30:39,055 >>> wait
2021-11-07 13:30:39,257 >>> wait
2021-11-07 13:30:40,081 >>> wait
2021-11-07 13:30:40,232 >>> wait
2021-11-07 13:30:41,107 >>> wait
2021-11-07 13:30:41,259 >>> wait
2021-11-07 13:30:42,036 <<< M105
2021-11-07 13:30:42,060 >>> ok T:21.30 /0.00 B:21.30 /0.00 @:64
2021-11-07 13:30:42,220 <<< M105
2021-11-07 13:30:42,261 >>> ok T:21.30 /0.00 B:21.30 /0.00 @:64
2021-11-07 13:30:43,085 >>> wait
2021-11-07 13:30:43,236 >>> wait
2021-11-07 13:30:44,058 >>> wait
2021-11-07 13:30:44,261 >>> wait
2021-11-07 13:30:45,083 >>> wait
2021-11-07 13:30:45,285 >>> wait
2021-11-07 13:30:46,109 >>> wait
2021-11-07 13:30:46,262 >>> wait
2021-11-07 13:30:47,037 <<< M105
2021-11-07 13:30:47,083 >>> ok T:21.30 /0.00 B:21.30 /0.00 @:64
2021-11-07 13:30:47,220 <<< M105
2021-11-07 13:30:47,238 >>> ok T:21.30 /0.00 B:21.30 /0.00 @:64
2021-11-07 13:30:48,057 >>> wait
2021-11-07 13:30:48,265 >>> wait
2021-11-07 13:30:49,083 >>> wait
2021-11-07 13:30:49,239 >>> wait
2021-11-07 13:30:50,108 >>> wait
2021-11-07 13:30:50,262 >>> wait
2021-11-07 13:30:51,083 >>> wait
2021-11-07 13:30:51,286 >>> wait
2021-11-07 13:30:52,038 <<< M105
2021-11-07 13:30:52,057 >>> ok T:21.30 /0.00 B:21.30 /0.00 @:64
2021-11-07 13:30:52,220 <<< M105
2021-11-07 13:30:52,258 >>> ok T:21.30 /0.00 B:21.30 /0.00 @:64
2021-11-07 13:30:53,080 >>> wait
2021-11-07 13:30:53,231 >>> wait
2021-11-07 13:30:54,102 >>> wait
2021-11-07 13:30:54,253 >>> wait
2021-11-07 13:30:55,078 >>> wait
2021-11-07 13:30:55,276 >>> wait
2021-11-07 13:30:56,103 >>> wait
2021-11-07 13:30:56,251 >>> wait
2021-11-07 13:30:57,038 <<< M105
2021-11-07 13:30:57,075 >>> ok T:21.30 /0.00 B:21.30 /0.00 @:64
2021-11-07 13:30:57,221 <<< M105
2021-11-07 13:30:57,224 >>> ok T:21.30 /0.00 B:21.30 /0.00 @:64
2021-11-07 13:30:58,099 >>> wait
2021-11-07 13:30:58,246 >>> wait
2021-11-07 13:30:59,071 >>> wait
2021-11-07 13:30:59,269 >>> wait
2021-11-07 13:31:00,095 >>> wait
2021-11-07 13:31:00,241 >>> wait
2021-11-07 13:31:01,069 >>> wait
2021-11-07 13:31:01,263 >>> wait
2021-11-07 13:31:02,039 <<< M105
2021-11-07 13:31:02,045 >>> ok T:21.30 /0.00 B:21.30 /0.00 @:64
2021-11-07 13:31:02,222 <<< M105
2021-11-07 13:31:02,236 >>> ok T:21.30 /0.00 B:21.30 /0.00 @:64
2021-11-07 13:31:03,069 >>> wait
2021-11-07 13:31:03,260 >>> wait
2021-11-07 13:31:04,091 >>> wait
2021-11-07 13:31:04,234 >>> wait
2021-11-07 13:31:05,116 >>> wait
2021-11-07 13:31:05,258 >>> wait
2021-11-07 13:31:06,089 >>> wait
2021-11-07 13:31:06,284 >>> wait
2021-11-07 13:31:07,040 <<< M105
2021-11-07 13:31:07,062 >>> ok T:21.30 /0.00 B:21.30 /0.00 @:64
2021-11-07 13:31:07,222 <<< M105
2021-11-07 13:31:07,254 >>> ok T:21.30 /0.00 B:21.30 /0.00 @:64
2021-11-07 13:31:08,085 >>> wait
2021-11-07 13:31:09,056 >>> wait
2021-11-07 13:31:10,076 >>> wait
2021-11-07 13:31:11,096 >>> wait
2021-11-07 13:31:12,040 <<< M105
2021-11-07 13:31:12,044 >>> ok T:21.30 /0.00 B:21.30 /0.00 @:64
2021-11-07 13:32:00,756 ------------------------------------------------------------------------------
2021-11-07 13:32:00,805 >>> start
2021-11-07 13:32:00,841 >>> Marlin: Virtual Marlin!
2021-11-07 13:32:00,846 >>> €
2021-11-07 13:32:00,847 <<< N0 M110 N0*125
2021-11-07 13:32:00,850 >>> SD card ok
2021-11-07 13:32:00,861 >>> ok
2021-11-07 13:32:00,870 <<< N1 M115*39
2021-11-07 13:32:00,873 >>> FIRMWARE_NAME: Virtual Marlin 1.0 PROTOCOL_VERSION:1.0
2021-11-07 13:32:00,876 >>> ok
2021-11-07 13:32:00,880 <<< M21
2021-11-07 13:32:00,883 >>> SD card ok
2021-11-07 13:32:00,885 >>> ok
2021-11-07 13:32:00,887 <<< M20
2021-11-07 13:32:00,890 >>> Begin file list
2021-11-07 13:32:00,892 >>> End file list
2021-11-07 13:32:00,895 >>> ok
2021-11-07 13:32:01,054 ------------------------------------------------------------------------------
2021-11-07 13:32:01,069 >>> start
2021-11-07 13:32:01,080 >>> Marlin: Virtual Marlin!
2021-11-07 13:32:01,084 <<< N0 M110 N0*125
2021-11-07 13:32:01,085 >>> €
2021-11-07 13:32:01,086 >>> SD card ok
2021-11-07 13:32:01,090 >>> ok
2021-11-07 13:32:01,094 <<< N1 M115*39
2021-11-07 13:32:01,097 >>> FIRMWARE_NAME: Virtual Marlin 1.0 PROTOCOL_VERSION:1.0
2021-11-07 13:32:01,101 >>> ok
2021-11-07 13:32:01,102 <<< M21
2021-11-07 13:32:01,103 >>> SD card ok
2021-11-07 13:32:01,105 >>> ok
2021-11-07 13:32:01,106 <<< M20
2021-11-07 13:32:01,108 >>> Begin file list
2021-11-07 13:32:01,111 >>> End file list
2021-11-07 13:32:01,118 >>> ok
2021-11-07 13:32:01,929 >>> wait
2021-11-07 13:32:02,141 >>> wait
2021-11-07 13:32:02,907 >>> wait
2021-11-07 13:32:03,163 >>> wait
2021-11-07 13:32:03,934 >>> wait
2021-11-07 13:32:04,138 >>> wait
2021-11-07 13:32:04,959 >>> wait
2021-11-07 13:32:05,164 >>> wait
2021-11-07 13:32:05,823 <<< M105
2021-11-07 13:32:05,831 >>> ok T:21.30 /0.00 B:21.30 /0.00 @:64
2021-11-07 13:32:06,075 <<< M105
2021-11-07 13:32:06,087 >>> ok T:21.30 /0.00 B:21.30 /0.00 @:64
2021-11-07 13:32:06,857 >>> wait
2021-11-07 13:32:07,110 >>> wait
2021-11-07 13:32:07,882 >>> wait
2021-11-07 13:32:08,135 >>> wait
2021-11-07 13:32:08,855 >>> wait
2021-11-07 13:32:09,110 >>> wait
2021-11-07 13:32:09,880 >>> wait
2021-11-07 13:32:10,134 >>> wait
2021-11-07 13:32:10,824 <<< M105
2021-11-07 13:32:10,854 >>> ok T:21.30 /0.00 B:21.30 /0.00 @:64
2021-11-07 13:32:11,075 <<< M105
2021-11-07 13:32:11,108 >>> ok T:21.30 /0.00 B:21.30 /0.00 @:64
2021-11-07 13:32:11,855 >>> wait
2021-11-07 13:32:12,109 >>> wait
2021-11-07 13:32:12,880 >>> wait
2021-11-07 13:32:13,133 >>> wait
2021-11-07 13:32:13,855 >>> wait
2021-11-07 13:32:14,107 >>> wait
2021-11-07 13:32:14,879 >>> wait
2021-11-07 13:32:15,131 >>> wait
2021-11-07 13:32:15,825 <<< M105
2021-11-07 13:32:15,854 >>> ok T:21.30 /0.00 B:21.30 /0.00 @:64
2021-11-07 13:32:16,077 <<< M105
2021-11-07 13:32:16,106 >>> ok T:21.30 /0.00 B:21.30 /0.00 @:64
2021-11-07 13:32:16,879 >>> wait
2021-11-07 13:32:17,130 >>> wait
2021-11-07 13:32:17,850 >>> wait
2021-11-07 13:32:18,102 >>> wait
2021-11-07 13:32:18,875 >>> wait
2021-11-07 13:32:19,127 >>> wait
2021-11-07 13:32:19,899 >>> wait
2021-11-07 13:32:20,100 >>> wait
2021-11-07 13:32:20,826 <<< M105
2021-11-07 13:32:20,872 >>> ok T:21.30 /0.00 B:21.30 /0.00 @:64
2021-11-07 13:32:21,077 <<< M105
2021-11-07 13:32:21,124 >>> ok T:21.30 /0.00 B:21.30 /0.00 @:64
2021-11-07 13:32:21,846 >>> wait
2021-11-07 13:32:22,097 >>> wait
2021-11-07 13:32:22,871 >>> wait
2021-11-07 13:32:23,119 >>> wait
2021-11-07 13:32:23,842 >>> wait
2021-11-07 13:32:24,142 >>> wait
2021-11-07 13:32:24,865 >>> wait
2021-11-07 13:32:25,117 >>> wait
2021-11-07 13:32:25,827 <<< M105
2021-11-07 13:32:25,837 >>> ok T:21.30 /0.00 B:21.30 /0.00 @:64
2021-11-07 13:32:26,078 <<< M105
2021-11-07 13:32:26,089 >>> ok T:21.30 /0.00 B:21.30 /0.00 @:64
2021-11-07 13:32:26,859 >>> wait
2021-11-07 13:32:27,111 >>> wait
2021-11-07 13:32:27,884 >>> wait
2021-11-07 13:32:28,137 >>> wait
2021-11-07 13:32:28,859 >>> wait
2021-11-07 13:32:29,110 >>> wait
2021-11-07 13:32:29,881 >>> wait
2021-11-07 13:32:30,133 >>> wait
2021-11-07 13:32:30,828 <<< M105
2021-11-07 13:32:30,858 >>> ok T:21.30 /0.00 B:21.30 /0.00 @:64
2021-11-07 13:32:31,079 <<< M105
2021-11-07 13:32:31,110 >>> ok T:21.30 /0.00 B:21.30 /0.00 @:64
2021-11-07 13:32:31,882 >>> wait
2021-11-07 13:32:32,135 >>> wait
2021-11-07 13:32:32,855 >>> wait
2021-11-07 13:32:33,108 >>> wait
2021-11-07 13:32:33,880 >>> wait
2021-11-07 13:32:34,132 >>> wait
2021-11-07 13:32:34,854 >>> wait
2021-11-07 13:32:35,104 >>> wait
2021-11-07 13:32:35,830 <<< M105
2021-11-07 13:32:35,876 >>> ok T:21.30 /0.00 B:21.30 /0.00 @:64
2021-11-07 13:32:36,079 <<< M105
2021-11-07 13:32:36,127 >>> ok T:21.30 /0.00 B:21.30 /0.00 @:64
2021-11-07 13:32:36,849 >>> wait
2021-11-07 13:32:37,101 >>> wait
2021-11-07 13:32:37,873 >>> wait
2021-11-07 13:32:38,126 >>> wait
2021-11-07 13:32:38,898 >>> wait
2021-11-07 13:32:39,100 >>> wait
2021-11-07 13:32:39,869 >>> wait
2021-11-07 13:32:40,122 >>> wait
2021-11-07 13:32:40,830 <<< M105
2021-11-07 13:32:40,842 >>> ok T:21.30 /0.00 B:21.30 /0.00 @:64
2021-11-07 13:32:41,080 <<< M105
2021-11-07 13:32:41,093 >>> ok T:21.30 /0.00 B:21.30 /0.00 @:64
2021-11-07 13:32:41,844 >>> wait
2021-11-07 13:32:42,095 >>> wait
2021-11-07 13:32:42,866 >>> wait
2021-11-07 13:32:43,123 >>> wait
2021-11-07 13:32:43,892 >>> wait
2021-11-07 13:32:44,146 >>> wait
2021-11-07 13:32:44,914 >>> wait
2021-11-07 13:32:45,121 >>> wait
2021-11-07 13:32:45,831 <<< M105
2021-11-07 13:32:45,836 >>> ok T:21.30 /0.00 B:21.30 /0.00 @:64
2021-11-07 13:32:46,080 <<< M105
2021-11-07 13:32:46,093 >>> ok T:21.30 /0.00 B:21.30 /0.00 @:64
2021-11-07 13:32:46,860 >>> wait
2021-11-07 13:32:47,118 >>> wait
2021-11-07 13:32:47,883 >>> wait
2021-11-07 13:32:48,143 >>> wait
2021-11-07 13:32:48,855 >>> wait
2021-11-07 13:32:49,116 >>> wait
2021-11-07 13:32:49,878 >>> wait
2021-11-07 13:32:50,138 >>> wait
2021-11-07 13:32:50,831 <<< M105
2021-11-07 13:32:50,849 >>> ok T:21.30 /0.00 B:21.30 /0.00 @:64
2021-11-07 13:32:51,081 <<< M105
2021-11-07 13:32:51,111 >>> ok T:21.30 /0.00 B:21.30 /0.00 @:64
2021-11-07 13:32:51,871 >>> wait
2021-11-07 13:32:52,134 >>> wait
2021-11-07 13:32:52,894 >>> wait
2021-11-07 13:32:53,106 >>> wait
2021-11-07 13:32:53,865 >>> wait
2021-11-07 13:32:54,130 >>> wait
2021-11-07 13:32:54,888 >>> wait
2021-11-07 13:32:55,154 >>> wait
2021-11-07 13:32:55,833 <<< M105
2021-11-07 13:32:55,862 >>> ok T:21.30 /0.00 B:21.30 /0.00 @:64
2021-11-07 13:32:56,081 <<< M105
2021-11-07 13:32:56,126 >>> ok T:21.30 /0.00 B:21.30 /0.00 @:64
2021-11-07 13:32:56,886 >>> wait
2021-11-07 13:32:57,099 >>> wait
2021-11-07 13:32:57,862 >>> wait
2021-11-07 13:32:58,120 >>> wait
2021-11-07 13:32:58,885 >>> wait
2021-11-07 13:32:59,143 >>> wait
2021-11-07 13:32:59,858 >>> wait
2021-11-07 13:33:00,116 >>> wait
2021-11-07 13:33:00,834 <<< M105
2021-11-07 13:33:00,881 >>> ok T:21.30 /0.00 B:21.30 /0.00 @:64
2021-11-07 13:33:01,082 <<< M105
2021-11-07 13:33:01,086 >>> ok T:21.30 /0.00 B:21.30 /0.00 @:64
2021-11-07 13:33:01,853 >>> wait
2021-11-07 13:33:02,110 >>> wait
2021-11-07 13:33:02,874 >>> wait
2021-11-07 13:33:03,132 >>> wait
2021-11-07 13:33:03,896 >>> wait
2021-11-07 13:33:04,156 >>> wait
2021-11-07 13:33:04,869 >>> wait
2021-11-07 13:33:05,128 >>> wait
2021-11-07 13:33:05,834 <<< M105
2021-11-07 13:33:05,845 >>> ok T:21.30 /0.00 B:21.30 /0.00 @:64
2021-11-07 13:33:06,082 <<< M105
2021-11-07 13:33:06,101 >>> ok T:21.30 /0.00 B:21.30 /0.00 @:64
2021-11-07 13:33:06,868 >>> wait
2021-11-07 13:33:07,123 >>> wait
2021-11-07 13:33:07,891 >>> wait
2021-11-07 13:33:08,147 >>> wait
2021-11-07 13:33:08,865 >>> wait
2021-11-07 13:33:09,121 >>> wait
2021-11-07 13:33:09,889 >>> wait
2021-11-07 13:33:10,144 >>> wait
2021-11-07 13:33:10,835 <<< M105
2021-11-07 13:33:10,860 >>> ok T:21.30 /0.00 B:21.30 /0.00 @:64
2021-11-07 13:33:11,083 <<< M105
2021-11-07 13:33:11,117 >>> ok T:21.30 /0.00 B:21.30 /0.00 @:64
2021-11-07 13:33:11,862 >>> wait
2021-11-07 13:33:12,120 >>> wait
2021-11-07 13:33:12,887 >>> wait
2021-11-07 13:33:13,142 >>> wait
2021-11-07 13:33:13,859 >>> wait
2021-11-07 13:33:14,116 >>> wait
2021-11-07 13:33:14,887 >>> wait
2021-11-07 13:33:15,140 >>> wait
2021-11-07 13:33:15,836 <<< M105
2021-11-07 13:33:15,861 >>> ok T:21.30 /0.00 B:21.30 /0.00 @:64
2021-11-07 13:33:16,084 <<< M105
2021-11-07 13:33:16,113 >>> ok T:21.30 /0.00 B:21.30 /0.00 @:64
2021-11-07 13:33:16,885 >>> wait
2021-11-07 13:33:17,088 >>> wait
2021-11-07 13:33:17,862 >>> wait
2021-11-07 13:33:18,114 >>> wait
2021-11-07 13:33:18,887 >>> wait
2021-11-07 13:33:19,139 >>> wait
2021-11-07 13:33:19,861 >>> wait
2021-11-07 13:33:20,113 >>> wait
2021-11-07 13:33:20,837 <<< M105
2021-11-07 13:33:20,886 >>> ok T:21.30 /0.00 B:21.30 /0.00 @:64
2021-11-07 13:33:21,085 <<< M105
2021-11-07 13:33:21,087 >>> ok T:21.30 /0.00 B:21.30 /0.00 @:64
2021-11-07 13:33:21,858 >>> wait
2021-11-07 13:33:22,109 >>> wait
2021-11-07 13:33:22,881 >>> wait
2021-11-07 13:33:23,134 >>> wait
2021-11-07 13:33:23,902 >>> wait
2021-11-07 13:33:24,154 >>> wait
2021-11-07 13:33:24,874 >>> wait
2021-11-07 13:33:25,127 >>> wait
2021-11-07 13:33:25,837 <<< M105
2021-11-07 13:33:25,849 >>> ok T:21.30 /0.00 B:21.30 /0.00 @:64
2021-11-07 13:33:26,086 <<< M105
2021-11-07 13:33:26,102 >>> ok T:21.30 /0.00 B:21.30 /0.00 @:64
2021-11-07 13:33:26,873 >>> wait
2021-11-07 13:33:27,125 >>> wait
2021-11-07 13:33:27,897 >>> wait
2021-11-07 13:33:28,149 >>> wait
2021-11-07 13:33:28,871 >>> wait
2021-11-07 13:33:29,123 >>> wait
2021-11-07 13:33:29,896 >>> wait
2021-11-07 13:33:30,148 >>> wait
2021-11-07 13:33:30,838 <<< M105
2021-11-07 13:33:30,870 >>> ok T:21.30 /0.00 B:21.30 /0.00 @:64
2021-11-07 13:33:31,087 <<< M105
2021-11-07 13:33:31,122 >>> ok T:21.30 /0.00 B:21.30 /0.00 @:64
2021-11-07 13:33:31,893 >>> wait
2021-11-07 13:33:32,145 >>> wait
2021-11-07 13:33:32,866 >>> wait
2021-11-07 13:33:33,117 >>> wait
2021-11-07 13:33:33,890 >>> wait
2021-11-07 13:33:34,142 >>> wait
2021-11-07 13:33:34,866 >>> wait
2021-11-07 13:33:35,114 >>> wait
2021-11-07 13:33:35,839 <<< M105
2021-11-07 13:33:35,891 >>> ok T:21.30 /0.00 B:21.30 /0.00 @:64
2021-11-07 13:33:36,088 <<< M105
2021-11-07 13:33:36,138 >>> ok T:21.30 /0.00 B:21.30 /0.00 @:64
2021-11-07 13:33:36,865 >>> wait
2021-11-07 13:33:37,110 >>> wait
2021-11-07 13:33:37,887 >>> wait
2021-11-07 13:33:38,132 >>> wait
2021-11-07 13:33:38,859 >>> wait
2021-11-07 13:33:39,155 >>> wait
2021-11-07 13:33:39,886 >>> wait
2021-11-07 13:33:40,129 >>> wait
2021-11-07 13:33:40,840 <<< M105
2021-11-07 13:33:40,860 >>> ok T:21.30 /0.00 B:21.30 /0.00 @:64
2021-11-07 13:33:41,088 <<< M105
2021-11-07 13:33:41,102 >>> ok T:21.30 /0.00 B:21.30 /0.00 @:64
2021-11-07 13:33:41,861 >>> wait
2021-11-07 13:33:42,104 >>> wait
2021-11-07 13:33:42,887 >>> wait
2021-11-07 13:33:43,129 >>> wait
2021-11-07 13:33:43,862 >>> wait
2021-11-07 13:33:44,104 >>> wait
2021-11-07 13:33:44,887 >>> wait
2021-11-07 13:33:45,130 >>> wait
2021-11-07 13:33:45,841 <<< M105
2021-11-07 13:33:45,862 >>> ok T:21.30 /0.00 B:21.30 /0.00 @:64
2021-11-07 13:33:46,089 <<< M105
2021-11-07 13:33:46,104 >>> ok T:21.30 /0.00 B:21.30 /0.00 @:64
2021-11-07 13:33:46,886 >>> wait
2021-11-07 13:33:47,130 >>> wait
2021-11-07 13:33:47,859 >>> wait
2021-11-07 13:33:48,107 >>> wait
2021-11-07 13:33:48,883 >>> wait
2021-11-07 13:33:49,131 >>> wait
2021-11-07 13:33:49,905 >>> wait
2021-11-07 13:33:50,156 >>> wait
2021-11-07 13:33:50,841 <<< M105
2021-11-07 13:33:50,877 >>> ok T:21.30 /0.00 B:21.30 /0.00 @:64
2021-11-07 13:33:51,089 <<< M105
2021-11-07 13:33:51,129 >>> ok T:21.30 /0.00 B:21.30 /0.00 @:64
2021-11-07 13:33:51,899 >>> wait
2021-11-07 13:33:52,100 >>> wait
2021-11-07 13:33:52,870 >>> wait
2021-11-07 13:33:53,888 >>> wait
2021-11-07 13:33:54,909 >>> wait
2021-11-07 13:33:55,842 <<< M105
2021-11-07 13:33:55,878 >>> ok T:21.30 /0.00 B:21.30 /0.00 @:64
2021-11-07 13:36:19,368 ------------------------------------------------------------------------------
2021-11-07 13:36:19,395 >>> start
2021-11-07 13:36:19,405 >>> Marlin: Virtual Marlin!
2021-11-07 13:36:19,408 <<< N1 M105*38
2021-11-07 13:36:19,409 >>> €
2021-11-07 13:36:19,412 >>> SD card ok
2021-11-07 13:36:19,420 >>> ok T:21.30 /0.00 B:21.30 /0.00 @:64
2021-11-07 13:36:19,425 <<< N0 M110 N0*125
2021-11-07 13:36:19,433 >>> ok
2021-11-07 13:36:19,436 <<< N1 M115*39
2021-11-07 13:36:19,443 >>> FIRMWARE_NAME: Virtual Marlin 1.0 PROTOCOL_VERSION:1.0
2021-11-07 13:36:19,445 >>> ok
2021-11-07 13:36:19,446 <<< M21
2021-11-07 13:36:19,447 >>> SD card ok
2021-11-07 13:36:19,448 >>> ok
2021-11-07 13:36:19,451 <<< M20
2021-11-07 13:36:19,458 >>> Begin file list
2021-11-07 13:36:19,459 >>> End file list
2021-11-07 13:36:19,460 >>> ok
2021-11-07 13:36:19,579 ------------------------------------------------------------------------------
2021-11-07 13:36:19,597 >>> start
2021-11-07 13:36:19,608 >>> Marlin: Virtual Marlin!
2021-11-07 13:36:19,613 >>> €
2021-11-07 13:36:19,614 <<< N0 M110 N0*125
2021-11-07 13:36:19,615 >>> SD card ok
2021-11-07 13:36:19,620 >>> ok
2021-11-07 13:36:19,622 <<< N1 M115*39
2021-11-07 13:36:19,625 >>> FIRMWARE_NAME: Virtual Marlin 1.0 PROTOCOL_VERSION:1.0
2021-11-07 13:36:19,627 >>> ok
2021-11-07 13:36:19,628 <<< M21
2021-11-07 13:36:19,632 >>> SD card ok
2021-11-07 13:36:19,634 >>> ok
2021-11-07 13:36:19,636 <<< M20
2021-11-07 13:36:19,639 >>> Begin file list
2021-11-07 13:36:19,640 >>> End file list
2021-11-07 13:36:19,641 >>> ok
2021-11-07 13:36:20,482 >>> wait
2021-11-07 13:36:20,664 >>> wait
2021-11-07 13:36:21,505 >>> wait
2021-11-07 13:36:21,687 >>> wait
2021-11-07 13:36:22,482 >>> wait
2021-11-07 13:36:22,661 >>> wait
2021-11-07 13:36:23,505 >>> wait
2021-11-07 13:36:23,687 >>> wait
2021-11-07 13:36:24,402 <<< M105
2021-11-07 13:36:24,430 >>> ok T:21.30 /0.00 B:21.30 /0.00 @:64
2021-11-07 13:36:24,602 <<< M105
2021-11-07 13:36:24,609 >>> ok T:21.30 /0.00 B:21.30 /0.00 @:64
2021-11-07 13:36:25,454 >>> wait
2021-11-07 13:36:25,636 >>> wait
2021-11-07 13:36:26,430 >>> wait
2021-11-07 13:36:26,610 >>> wait
2021-11-07 13:36:27,456 >>> wait
2021-11-07 13:36:27,634 >>> wait
2021-11-07 13:36:28,483 >>> wait
2021-11-07 13:36:28,658 >>> wait
2021-11-07 13:36:29,403 <<< M105
2021-11-07 13:36:29,407 >>> ok T:21.30 /0.00 B:21.30 /0.00 @:64
2021-11-07 13:36:29,603 <<< M105
2021-11-07 13:36:29,634 >>> ok T:21.30 /0.00 B:21.30 /0.00 @:64
2021-11-07 13:36:30,428 >>> wait
2021-11-07 13:36:31,447 >>> wait
2021-11-07 13:36:32,416 >>> wait
2021-11-07 13:36:33,435 >>> wait
2021-11-07 13:36:34,404 <<< M105
2021-11-07 13:36:34,455 >>> ok T:21.30 /0.00 B:21.30 /0.00 @:64
2021-11-07 13:36:45,347 ------------------------------------------------------------------------------
2021-11-07 13:36:45,368 >>> start
2021-11-07 13:36:45,384 >>> Marlin: Virtual Marlin!
2021-11-07 13:36:45,387 <<< N1 M105*38
2021-11-07 13:36:45,387 >>> €
2021-11-07 13:36:45,391 >>> SD card ok
2021-11-07 13:36:45,393 >>> ok T:21.30 /0.00 B:21.30 /0.00 @:64
2021-11-07 13:36:45,400 <<< N0 M110 N0*125
2021-11-07 13:36:45,403 >>> ok
2021-11-07 13:36:45,404 <<< N1 M115*39
2021-11-07 13:36:45,405 >>> FIRMWARE_NAME: Virtual Marlin 1.0 PROTOCOL_VERSION:1.0
2021-11-07 13:36:45,407 >>> ok
2021-11-07 13:36:45,408 <<< M21
2021-11-07 13:36:45,410 >>> SD card ok
2021-11-07 13:36:45,412 >>> ok
2021-11-07 13:36:45,415 <<< M20
2021-11-07 13:36:45,422 >>> Begin file list
2021-11-07 13:36:45,423 >>> End file list
2021-11-07 13:36:45,424 >>> ok
2021-11-07 13:36:45,535 ------------------------------------------------------------------------------
2021-11-07 13:36:45,565 >>> start
2021-11-07 13:36:45,581 >>> Marlin: Virtual Marlin!
2021-11-07 13:36:45,584 >>> €
2021-11-07 13:36:45,585 <<< N0 M110 N0*125
2021-11-07 13:36:45,585 >>> SD card ok
2021-11-07 13:36:45,593 >>> ok
2021-11-07 13:36:45,603 <<< N1 M115*39
2021-11-07 13:36:45,608 >>> FIRMWARE_NAME: Virtual Marlin 1.0 PROTOCOL_VERSION:1.0
2021-11-07 13:36:45,615 >>> ok
2021-11-07 13:36:45,617 <<< M21
2021-11-07 13:36:45,621 >>> SD card ok
2021-11-07 13:36:45,622 >>> ok
2021-11-07 13:36:45,624 <<< M20
2021-11-07 13:36:45,625 >>> Begin file list
2021-11-07 13:36:45,626 >>> End file list
2021-11-07 13:36:45,628 >>> ok
2021-11-07 13:36:46,446 >>> wait
2021-11-07 13:36:46,651 >>> wait
2021-11-07 13:36:47,469 >>> wait
2021-11-07 13:36:47,674 >>> wait
2021-11-07 13:36:48,441 >>> wait
2021-11-07 13:36:48,698 >>> wait
2021-11-07 13:36:49,464 >>> wait
2021-11-07 13:36:49,671 >>> wait
2021-11-07 13:36:50,374 <<< M105
2021-11-07 13:36:50,386 >>> ok T:21.30 /0.00 B:21.30 /0.00 @:64
2021-11-07 13:36:50,572 <<< M105
2021-11-07 13:36:50,595 >>> ok T:21.30 /0.00 B:21.30 /0.00 @:64
2021-11-07 13:36:51,408 >>> wait
2021-11-07 13:36:51,618 >>> wait
2021-11-07 13:36:52,431 >>> wait
2021-11-07 13:36:52,590 >>> wait
2021-11-07 13:36:53,405 >>> wait
2021-11-07 13:36:53,611 >>> wait
2021-11-07 13:36:54,427 >>> wait
2021-11-07 13:36:54,636 >>> wait
2021-11-07 13:36:55,375 <<< M105
2021-11-07 13:36:55,400 >>> ok T:21.30 /0.00 B:21.30 /0.00 @:64
2021-11-07 13:36:55,573 <<< M105
2021-11-07 13:36:55,607 >>> ok T:21.30 /0.00 B:21.30 /0.00 @:64
2021-11-07 13:36:56,421 >>> wait
2021-11-07 13:36:56,629 >>> wait
2021-11-07 13:36:57,394 >>> wait
2021-11-07 13:36:57,602 >>> wait
2021-11-07 13:36:58,416 >>> wait
2021-11-07 13:36:58,625 >>> wait
2021-11-07 13:36:59,439 >>> wait
2021-11-07 13:36:59,649 >>> wait
2021-11-07 13:37:00,375 <<< M105
2021-11-07 13:37:00,412 >>> ok T:21.30 /0.00 B:21.30 /0.00 @:64
2021-11-07 13:37:00,574 <<< M105
2021-11-07 13:37:00,623 >>> ok T:21.30 /0.00 B:21.30 /0.00 @:64
2021-11-07 13:37:01,434 >>> wait
2021-11-07 13:37:01,595 >>> wait
2021-11-07 13:37:02,405 >>> wait
2021-11-07 13:37:02,616 >>> wait
2021-11-07 13:37:03,426 >>> wait
2021-11-07 13:37:04,396 >>> wait
2021-11-07 13:37:05,376 <<< M105
2021-11-07 13:37:05,416 >>> ok T:21.30 /0.00 B:21.30 /0.00 @:64
2021-11-07 13:37:06,435 >>> wait
2021-11-07 13:37:28,100 ------------------------------------------------------------------------------
2021-11-07 13:37:28,134 >>> start
2021-11-07 13:37:28,155 >>> Marlin: Virtual Marlin!
2021-11-07 13:37:28,161 >>> €
2021-11-07 13:37:28,164 >>> SD card ok
2021-11-07 13:37:28,164 <<< N0 M110 N0*125
2021-11-07 13:37:28,178 >>> ok
2021-11-07 13:37:28,182 <<< N1 M115*39
2021-11-07 13:37:28,189 >>> FIRMWARE_NAME: Virtual Marlin 1.0 PROTOCOL_VERSION:1.0
2021-11-07 13:37:28,193 >>> ok
2021-11-07 13:37:28,195 <<< M21
2021-11-07 13:37:28,197 >>> SD card ok
2021-11-07 13:37:28,198 >>> ok
2021-11-07 13:37:28,201 <<< M20
2021-11-07 13:37:28,208 >>> Begin file list
2021-11-07 13:37:28,210 >>> End file list
2021-11-07 13:37:28,212 >>> ok
2021-11-07 13:37:28,341 ------------------------------------------------------------------------------
2021-11-07 13:37:28,367 >>> start
2021-11-07 13:37:28,384 >>> Marlin: Virtual Marlin!
2021-11-07 13:37:28,391 >>> €
2021-11-07 13:37:28,395 >>> SD card ok
2021-11-07 13:37:28,399 <<< N0 M110 N0*125
2021-11-07 13:37:28,409 >>> ok
2021-11-07 13:37:28,416 <<< N1 M115*39
2021-11-07 13:37:28,422 >>> FIRMWARE_NAME: Virtual Marlin 1.0 PROTOCOL_VERSION:1.0
2021-11-07 13:37:28,427 >>> ok
2021-11-07 13:37:28,430 <<< M21
2021-11-07 13:37:28,433 >>> SD card ok
2021-11-07 13:37:28,435 >>> ok
2021-11-07 13:37:28,436 <<< M20
2021-11-07 13:37:28,441 >>> Begin file list
2021-11-07 13:37:28,444 >>> End file list
2021-11-07 13:37:28,445 >>> ok
2021-11-07 13:37:29,247 >>> wait
2021-11-07 13:37:29,464 >>> wait
2021-11-07 13:37:30,230 >>> wait
2021-11-07 13:37:30,486 >>> wait
2021-11-07 13:37:31,256 >>> wait
2021-11-07 13:37:31,462 >>> wait
2021-11-07 13:37:32,230 >>> wait
2021-11-07 13:37:32,486 >>> wait
2021-11-07 13:37:33,143 <<< M105
2021-11-07 13:37:33,153 >>> ok T:21.30 /0.00 B:21.30 /0.00 @:64
2021-11-07 13:37:33,375 <<< M105
2021-11-07 13:37:33,410 >>> ok T:21.30 /0.00 B:21.30 /0.00 @:64
2021-11-07 13:37:34,175 >>> wait
2021-11-07 13:37:34,432 >>> wait
2021-11-07 13:37:35,199 >>> wait
2021-11-07 13:37:35,405 >>> wait
2021-11-07 13:37:36,178 >>> wait
2021-11-07 13:37:36,429 >>> wait
2021-11-07 13:37:37,202 >>> wait
2021-11-07 13:37:37,403 >>> wait
2021-11-07 13:37:38,144 <<< M105
2021-11-07 13:37:38,174 >>> ok T:21.30 /0.00 B:21.30 /0.00 @:64
2021-11-07 13:37:38,375 <<< M105
2021-11-07 13:37:38,426 >>> ok T:21.30 /0.00 B:21.30 /0.00 @:64
2021-11-07 13:37:39,196 >>> wait
2021-11-07 13:37:39,399 >>> wait
2021-11-07 13:37:40,168 >>> wait
2021-11-07 13:37:40,423 >>> wait
2021-11-07 13:37:41,171 >>> wait
2021-11-07 13:37:41,426 >>> wait
2021-11-07 13:37:42,196 >>> wait
2021-11-07 13:37:42,400 >>> wait
2021-11-07 13:37:43,145 <<< M105
2021-11-07 13:37:43,172 >>> ok T:21.30 /0.00 B:21.30 /0.00 @:64
2021-11-07 13:37:43,376 <<< M105
2021-11-07 13:37:43,426 >>> ok T:21.30 /0.00 B:21.30 /0.00 @:64
2021-11-07 13:37:44,196 >>> wait
2021-11-07 13:37:44,397 >>> wait
2021-11-07 13:37:45,167 >>> wait
2021-11-07 13:37:45,419 >>> wait
2021-11-07 13:37:46,192 >>> wait
2021-11-07 13:37:46,444 >>> wait
2021-11-07 13:37:47,216 >>> wait
2021-11-07 13:37:47,417 >>> wait
2021-11-07 13:37:48,146 <<< M105
2021-11-07 13:37:48,190 >>> ok T:21.30 /0.00 B:21.30 /0.00 @:64
2021-11-07 13:37:48,377 <<< M105
2021-11-07 13:37:48,392 >>> ok T:21.30 /0.00 B:21.30 /0.00 @:64
2021-11-07 13:37:49,167 >>> wait
2021-11-07 13:37:49,419 >>> wait
2021-11-07 13:37:50,191 >>> wait
2021-11-07 13:37:50,393 >>> wait
2021-11-07 13:37:51,168 >>> wait
2021-11-07 13:37:51,421 >>> wait
2021-11-07 13:37:52,192 >>> wait
2021-11-07 13:37:52,394 >>> wait
2021-11-07 13:37:53,147 <<< M105
2021-11-07 13:37:53,168 >>> ok T:21.30 /0.00 B:21.30 /0.00 @:64
2021-11-07 13:37:53,377 <<< M105
2021-11-07 13:37:53,419 >>> ok T:21.30 /0.00 B:21.30 /0.00 @:64
2021-11-07 13:37:54,191 >>> wait
2021-11-07 13:37:54,392 >>> wait
2021-11-07 13:37:55,213 >>> wait
2021-11-07 13:37:55,415 >>> wait
2021-11-07 13:37:56,187 >>> wait
2021-11-07 13:37:56,439 >>> wait
2021-11-07 13:37:57,211 >>> wait
2021-11-07 13:37:57,413 >>> wait
2021-11-07 13:37:58,148 <<< M105
2021-11-07 13:37:58,186 >>> ok T:21.30 /0.00 B:21.30 /0.00 @:64
2021-11-07 13:37:58,378 <<< M105
2021-11-07 13:37:58,387 >>> ok T:21.30 /0.00 B:21.30 /0.00 @:64
2021-11-07 13:37:59,159 >>> wait
2021-11-07 13:37:59,411 >>> wait
2021-11-07 13:38:00,185 >>> wait
2021-11-07 13:38:00,437 >>> wait
2021-11-07 13:38:01,208 >>> wait
2021-11-07 13:38:01,409 >>> wait
2021-11-07 13:38:02,229 >>> wait
2021-11-07 13:38:02,430 >>> wait
2021-11-07 13:38:03,149 <<< M105
2021-11-07 13:38:03,151 >>> ok T:21.30 /0.00 B:21.30 /0.00 @:64
2021-11-07 13:38:03,450 <<< M105
2021-11-07 13:38:03,453 >>> ok T:21.30 /0.00 B:21.30 /0.00 @:64
2021-11-07 13:38:04,174 >>> wait
2021-11-07 13:38:04,476 >>> wait
2021-11-07 13:38:05,195 >>> wait
2021-11-07 13:38:05,499 >>> wait
2021-11-07 13:38:06,217 >>> wait
2021-11-07 13:38:06,474 >>> wait
2021-11-07 13:38:07,190 >>> wait
2021-11-07 13:38:07,500 >>> wait
2021-11-07 13:38:08,150 <<< M105
2021-11-07 13:38:08,165 >>> ok T:21.30 /0.00 B:21.30 /0.00 @:64
2021-11-07 13:38:08,450 <<< M105
2021-11-07 13:38:08,474 >>> ok T:21.30 /0.00 B:21.30 /0.00 @:64
2021-11-07 13:38:09,190 >>> wait
2021-11-07 13:38:09,499 >>> wait
2021-11-07 13:38:10,213 >>> wait
2021-11-07 13:38:10,476 >>> wait
2021-11-07 13:38:11,213 >>> wait
2021-11-07 13:38:11,479 >>> wait
2021-11-07 13:38:12,187 >>> wait
2021-11-07 13:38:12,505 >>> wait
2021-11-07 13:38:13,151 <<< M105
2021-11-07 13:38:13,160 >>> ok T:21.30 /0.00 B:21.30 /0.00 @:64
2021-11-07 13:38:13,451 <<< M105
2021-11-07 13:38:13,478 >>> ok T:21.30 /0.00 B:21.30 /0.00 @:64
2021-11-07 13:38:14,184 >>> wait
2021-11-07 13:38:14,502 >>> wait
2021-11-07 13:38:15,208 >>> wait
2021-11-07 13:38:15,476 >>> wait
2021-11-07 13:38:16,181 >>> wait
2021-11-07 13:38:16,500 >>> wait
2021-11-07 13:38:17,206 >>> wait
2021-11-07 13:38:17,473 >>> wait
2021-11-07 13:38:18,151 <<< M105
2021-11-07 13:38:18,180 >>> ok T:21.30 /0.00 B:21.30 /0.00 @:64
2021-11-07 13:38:18,452 <<< M105
2021-11-07 13:38:18,497 >>> ok T:21.30 /0.00 B:21.30 /0.00 @:64
2021-11-07 13:38:19,205 >>> wait
2021-11-07 13:38:19,472 >>> wait
2021-11-07 13:38:20,176 >>> wait
2021-11-07 13:38:20,496 >>> wait
2021-11-07 13:38:21,200 >>> wait
2021-11-07 13:38:21,521 >>> wait
2021-11-07 13:38:22,224 >>> wait
2021-11-07 13:38:22,495 >>> wait
2021-11-07 13:38:23,152 <<< M105
2021-11-07 13:38:23,197 >>> ok T:21.30 /0.00 B:21.30 /0.00 @:64
2021-11-07 13:38:23,453 <<< M105
2021-11-07 13:38:23,468 >>> ok T:21.30 /0.00 B:21.30 /0.00 @:64
2021-11-07 13:38:24,170 >>> wait
2021-11-07 13:38:24,490 >>> wait
2021-11-07 13:38:25,192 >>> wait
2021-11-07 13:38:26,211 >>> wait
2021-11-07 13:38:27,181 >>> wait
2021-11-07 13:38:28,153 <<< M105
2021-11-07 13:38:28,200 >>> ok T:21.30 /0.00 B:21.30 /0.00 @:64
2021-11-07 13:38:37,971 ------------------------------------------------------------------------------
2021-11-07 13:38:38,019 >>> start
2021-11-07 13:38:38,043 >>> Marlin: Virtual Marlin!
2021-11-07 13:38:38,048 >>> €
2021-11-07 13:38:38,049 <<< N0 M110 N0*125
2021-11-07 13:38:38,054 >>> SD card ok
2021-11-07 13:38:38,059 >>> ok
2021-11-07 13:38:38,062 <<< N1 M115*39
2021-11-07 13:38:38,065 >>> FIRMWARE_NAME: Virtual Marlin 1.0 PROTOCOL_VERSION:1.0
2021-11-07 13:38:38,071 >>> ok
2021-11-07 13:38:38,075 <<< M21
2021-11-07 13:38:38,081 >>> SD card ok
2021-11-07 13:38:38,083 >>> ok
2021-11-07 13:38:38,094 <<< M20
2021-11-07 13:38:38,101 >>> Begin file list
2021-11-07 13:38:38,104 >>> End file list
2021-11-07 13:38:38,107 >>> ok
2021-11-07 13:38:38,198 ------------------------------------------------------------------------------
2021-11-07 13:38:38,221 >>> start
2021-11-07 13:38:38,236 >>> Marlin: Virtual Marlin!
2021-11-07 13:38:38,239 <<< N0 M110 N0*125
2021-11-07 13:38:38,240 >>> €
2021-11-07 13:38:38,243 >>> SD card ok
2021-11-07 13:38:38,247 >>> ok
2021-11-07 13:38:38,250 <<< N1 M115*39
2021-11-07 13:38:38,254 >>> FIRMWARE_NAME: Virtual Marlin 1.0 PROTOCOL_VERSION:1.0
2021-11-07 13:38:38,259 >>> ok
2021-11-07 13:38:38,261 <<< M21
2021-11-07 13:38:38,263 >>> SD card ok
2021-11-07 13:38:38,266 >>> ok
2021-11-07 13:38:38,269 <<< M105
2021-11-07 13:38:38,271 >>> ok T:21.30 /0.00 B:21.30 /0.00 @:64
2021-11-07 13:38:38,274 <<< M20
2021-11-07 13:38:38,276 >>> Begin file list
2021-11-07 13:38:38,277 >>> End file list
2021-11-07 13:38:38,278 >>> ok
2021-11-07 13:38:39,146 >>> wait
2021-11-07 13:38:39,299 >>> wait
2021-11-07 13:38:40,117 >>> wait
2021-11-07 13:38:40,322 >>> wait
2021-11-07 13:38:41,120 >>> wait
2021-11-07 13:38:41,322 >>> wait
2021-11-07 13:38:42,144 >>> wait
2021-11-07 13:38:42,347 >>> wait
2021-11-07 13:38:43,029 <<< M105
2021-11-07 13:38:43,068 >>> ok T:21.30 /0.00 B:21.30 /0.00 @:64
2021-11-07 13:38:43,231 <<< M105
2021-11-07 13:38:43,270 >>> ok T:21.30 /0.00 B:21.30 /0.00 @:64
2021-11-07 13:38:44,041 >>> wait
2021-11-07 13:38:44,243 >>> wait
2021-11-07 13:38:45,066 >>> wait
2021-11-07 13:38:45,268 >>> wait
2021-11-07 13:38:46,041 >>> wait
2021-11-07 13:38:46,242 >>> wait
2021-11-07 13:38:47,065 >>> wait
2021-11-07 13:38:47,267 >>> wait
2021-11-07 13:38:48,030 <<< M105
2021-11-07 13:38:48,037 >>> ok T:21.30 /0.00 B:21.30 /0.00 @:64
2021-11-07 13:38:48,232 <<< M105
2021-11-07 13:38:48,238 >>> ok T:21.30 /0.00 B:21.30 /0.00 @:64
2021-11-07 13:38:49,060 >>> wait
2021-11-07 13:38:49,263 >>> wait
2021-11-07 13:38:50,086 >>> wait
2021-11-07 13:38:50,288 >>> wait
2021-11-07 13:38:51,060 >>> wait
2021-11-07 13:38:51,262 >>> wait
2021-11-07 13:38:52,085 >>> wait
2021-11-07 13:38:52,289 >>> wait
2021-11-07 13:38:53,032 <<< M105
2021-11-07 13:38:53,058 >>> ok T:21.30 /0.00 B:21.30 /0.00 @:64
2021-11-07 13:38:53,232 <<< M105
2021-11-07 13:38:53,262 >>> ok T:21.30 /0.00 B:21.30 /0.00 @:64
2021-11-07 13:38:54,085 >>> wait
2021-11-07 13:38:54,287 >>> wait
2021-11-07 13:38:55,059 >>> wait
2021-11-07 13:38:55,261 >>> wait
2021-11-07 13:38:56,083 >>> wait
2021-11-07 13:38:56,285 >>> wait
2021-11-07 13:38:57,107 >>> wait
2021-11-07 13:38:57,309 >>> wait
2021-11-07 13:38:58,032 <<< M105
2021-11-07 13:38:58,079 >>> ok T:21.30 /0.00 B:21.30 /0.00 @:64
2021-11-07 13:38:58,233 <<< M105
2021-11-07 13:38:58,281 >>> ok T:21.30 /0.00 B:21.30 /0.00 @:64
2021-11-07 13:38:59,052 >>> wait
2021-11-07 13:38:59,253 >>> wait
2021-11-07 13:39:00,076 >>> wait
2021-11-07 13:39:00,278 >>> wait
2021-11-07 13:39:01,101 >>> wait
2021-11-07 13:39:01,253 >>> wait
2021-11-07 13:39:02,075 >>> wait
2021-11-07 13:39:02,276 >>> wait
2021-11-07 13:39:03,033 <<< M105
2021-11-07 13:39:03,048 >>> ok T:21.30 /0.00 B:21.30 /0.00 @:64
2021-11-07 13:39:03,233 <<< M105
2021-11-07 13:39:03,250 >>> ok T:21.30 /0.00 B:21.30 /0.00 @:64
2021-11-07 13:39:04,071 >>> wait
2021-11-07 13:39:04,272 >>> wait
2021-11-07 13:39:05,094 >>> wait
2021-11-07 13:39:05,295 >>> wait
2021-11-07 13:39:06,069 >>> wait
2021-11-07 13:39:06,271 >>> wait
2021-11-07 13:39:07,093 >>> wait
2021-11-07 13:39:07,295 >>> wait
2021-11-07 13:39:08,034 <<< M105
2021-11-07 13:39:08,068 >>> ok T:21.30 /0.00 B:21.30 /0.00 @:64
2021-11-07 13:39:08,234 <<< M105
2021-11-07 13:39:08,269 >>> ok T:21.30 /0.00 B:21.30 /0.00 @:64
2021-11-07 13:39:09,093 >>> wait
2021-11-07 13:39:09,296 >>> wait
2021-11-07 13:39:10,067 >>> wait
2021-11-07 13:39:10,268 >>> wait
2021-11-07 13:39:11,092 >>> wait
2021-11-07 13:39:11,272 >>> wait
2021-11-07 13:39:12,094 >>> wait
2021-11-07 13:39:12,295 >>> wait
2021-11-07 13:39:13,034 <<< M105
2021-11-07 13:39:13,067 >>> ok T:21.30 /0.00 B:21.30 /0.00 @:64
2021-11-07 13:39:13,235 <<< M105
2021-11-07 13:39:13,268 >>> ok T:21.30 /0.00 B:21.30 /0.00 @:64
2021-11-07 13:39:14,292 >>> wait
2021-11-07 13:39:14,343 >>> wait
2021-11-07 13:39:15,263 >>> wait
2021-11-07 13:39:15,314 >>> wait
2021-11-07 13:39:16,289 >>> wait
2021-11-07 13:39:16,339 >>> wait
2021-11-07 13:39:17,262 >>> wait
2021-11-07 13:39:17,312 >>> wait
2021-11-07 13:39:18,036 <<< M105
2021-11-07 13:39:18,087 >>> ok T:21.30 /0.00 B:21.30 /0.00 @:64
2021-11-07 13:39:18,235 <<< M105
2021-11-07 13:39:18,238 >>> ok T:21.30 /0.00 B:21.30 /0.00 @:64
2021-11-07 13:39:19,060 >>> wait
2021-11-07 13:39:19,261 >>> wait
2021-11-07 13:39:20,081 >>> wait
2021-11-07 13:39:20,283 >>> wait
2021-11-07 13:39:21,054 >>> wait
2021-11-07 13:39:21,257 >>> wait
2021-11-07 13:39:22,079 >>> wait
2021-11-07 13:39:22,280 >>> wait
2021-11-07 13:39:23,036 <<< M105
2021-11-07 13:39:23,053 >>> ok T:21.30 /0.00 B:21.30 /0.00 @:64
2021-11-07 13:39:23,236 <<< M105
2021-11-07 13:39:23,253 >>> ok T:21.30 /0.00 B:21.30 /0.00 @:64
2021-11-07 13:39:24,076 >>> wait
2021-11-07 13:39:24,278 >>> wait
2021-11-07 13:39:25,101 >>> wait
2021-11-07 13:39:25,251 >>> wait
2021-11-07 13:39:26,074 >>> wait
2021-11-07 13:39:26,275 >>> wait
2021-11-07 13:39:27,099 >>> wait
2021-11-07 13:39:27,297 >>> wait
2021-11-07 13:39:28,037 <<< M105
2021-11-07 13:39:28,073 >>> ok T:21.30 /0.00 B:21.30 /0.00 @:64
2021-11-07 13:39:28,236 <<< M105
2021-11-07 13:39:28,271 >>> ok T:21.30 /0.00 B:21.30 /0.00 @:64
2021-11-07 13:39:29,047 >>> wait
2021-11-07 13:39:29,294 >>> wait
2021-11-07 13:39:30,072 >>> wait
2021-11-07 13:39:30,267 >>> wait
2021-11-07 13:39:31,099 >>> wait
2021-11-07 13:39:31,291 >>> wait
2021-11-07 13:39:32,073 >>> wait
2021-11-07 13:39:32,268 >>> wait
2021-11-07 13:39:33,038 <<< M105
2021-11-07 13:39:33,050 >>> ok T:21.30 /0.00 B:21.30 /0.00 @:64
2021-11-07 13:39:33,237 <<< M105
2021-11-07 13:39:33,243 >>> ok T:21.30 /0.00 B:21.30 /0.00 @:64
2021-11-07 13:39:34,075 >>> wait
2021-11-07 13:39:34,269 >>> wait
2021-11-07 13:39:35,053 >>> wait
2021-11-07 13:39:35,294 >>> wait
2021-11-07 13:39:36,077 >>> wait
2021-11-07 13:39:36,268 >>> wait
2021-11-07 13:39:37,105 >>> wait
2021-11-07 13:39:37,291 >>> wait
2021-11-07 13:39:38,038 <<< M105
2021-11-07 13:39:38,080 >>> ok T:21.30 /0.00 B:21.30 /0.00 @:64
2021-11-07 13:39:38,237 <<< M105
2021-11-07 13:39:38,265 >>> ok T:21.30 /0.00 B:21.30 /0.00 @:64
2021-11-07 13:39:39,055 >>> wait
2021-11-07 13:39:39,287 >>> wait
2021-11-07 13:39:40,077 >>> wait
2021-11-07 13:39:40,259 >>> wait
2021-11-07 13:39:41,080 >>> wait
2021-11-07 13:39:41,262 >>> wait
2021-11-07 13:39:42,108 >>> wait
2021-11-07 13:39:42,286 >>> wait
2021-11-07 13:39:43,039 <<< M105
2021-11-07 13:39:43,083 >>> ok T:21.30 /0.00 B:21.30 /0.00 @:64
2021-11-07 13:39:43,238 <<< M105
2021-11-07 13:39:43,260 >>> ok T:21.30 /0.00 B:21.30 /0.00 @:64
2021-11-07 13:39:44,059 >>> wait
2021-11-07 13:39:44,286 >>> wait
2021-11-07 13:39:45,087 >>> wait
2021-11-07 13:39:45,265 >>> wait
2021-11-07 13:39:46,109 >>> wait
2021-11-07 13:39:46,289 >>> wait
2021-11-07 13:39:47,083 >>> wait
2021-11-07 13:39:47,265 >>> wait
2021-11-07 13:39:48,039 <<< M105
2021-11-07 13:39:48,056 >>> ok T:21.30 /0.00 B:21.30 /0.00 @:64
2021-11-07 13:39:48,239 <<< M105
2021-11-07 13:39:48,289 >>> ok T:21.30 /0.00 B:21.30 /0.00 @:64
2021-11-07 13:39:49,079 >>> wait
2021-11-07 13:39:49,262 >>> wait
2021-11-07 13:39:50,055 >>> wait
2021-11-07 13:39:50,286 >>> wait
2021-11-07 13:39:51,078 >>> wait
2021-11-07 13:39:51,258 >>> wait
2021-11-07 13:39:52,100 >>> wait
2021-11-07 13:39:52,280 >>> wait
2021-11-07 13:39:53,040 <<< M105
2021-11-07 13:39:53,075 >>> ok T:21.30 /0.00 B:21.30 /0.00 @:64
2021-11-07 13:39:53,240 <<< M105
2021-11-07 13:39:53,252 >>> ok T:21.30 /0.00 B:21.30 /0.00 @:64
2021-11-07 13:39:54,048 >>> wait
2021-11-07 13:39:54,275 >>> wait
2021-11-07 13:39:55,073 >>> wait
2021-11-07 13:39:55,246 >>> wait
2021-11-07 13:39:56,046 >>> wait
2021-11-07 13:39:56,271 >>> wait
2021-11-07 13:39:57,071 >>> wait
2021-11-07 13:39:57,297 >>> wait
2021-11-07 13:39:58,041 <<< M105
2021-11-07 13:39:58,046 >>> ok T:21.30 /0.00 B:21.30 /0.00 @:64
2021-11-07 13:39:58,240 <<< M105
2021-11-07 13:39:58,271 >>> ok T:21.30 /0.00 B:21.30 /0.00 @:64
2021-11-07 13:39:59,070 >>> wait
2021-11-07 13:39:59,297 >>> wait
2021-11-07 13:40:00,093 >>> wait
2021-11-07 13:40:00,270 >>> wait
2021-11-07 13:40:01,115 >>> wait
2021-11-07 13:40:01,293 >>> wait
2021-11-07 13:40:02,087 >>> wait
2021-11-07 13:40:03,042 <<< M105
2021-11-07 13:40:03,055 >>> ok T:21.30 /0.00 B:21.30 /0.00 @:64
2021-11-07 13:40:04,075 >>> wait
2021-11-07 13:40:05,094 >>> wait
2021-11-07 13:41:21,671 ------------------------------------------------------------------------------
2021-11-07 13:41:21,713 >>> start
2021-11-07 13:41:21,738 >>> Marlin: Virtual Marlin!
2021-11-07 13:41:21,741 >>> €
2021-11-07 13:41:21,742 <<< N0 M110 N0*125
2021-11-07 13:41:21,748 >>> SD card ok
2021-11-07 13:41:21,756 >>> ok
2021-11-07 13:41:21,761 <<< N1 M115*39
2021-11-07 13:41:21,762 >>> FIRMWARE_NAME: Virtual Marlin 1.0 PROTOCOL_VERSION:1.0
2021-11-07 13:41:21,765 >>> ok
2021-11-07 13:41:21,769 <<< M21
2021-11-07 13:41:21,773 >>> SD card ok
2021-11-07 13:41:21,774 >>> ok
2021-11-07 13:41:21,776 <<< M20
2021-11-07 13:41:21,779 >>> Begin file list
2021-11-07 13:41:21,780 >>> End file list
2021-11-07 13:41:21,781 >>> ok
2021-11-07 13:41:21,891 ------------------------------------------------------------------------------
2021-11-07 13:41:21,910 >>> start
2021-11-07 13:41:21,925 >>> Marlin: Virtual Marlin!
2021-11-07 13:41:21,930 <<< N0 M110 N0*125
2021-11-07 13:41:21,931 >>> €
2021-11-07 13:41:21,935 >>> SD card ok
2021-11-07 13:41:21,938 >>> ok
2021-11-07 13:41:21,939 <<< N1 M115*39
2021-11-07 13:41:21,941 >>> FIRMWARE_NAME: Virtual Marlin 1.0 PROTOCOL_VERSION:1.0
2021-11-07 13:41:21,944 >>> ok
2021-11-07 13:41:21,945 <<< M21
2021-11-07 13:41:21,947 >>> SD card ok
2021-11-07 13:41:21,948 >>> ok
2021-11-07 13:41:21,949 <<< M20
2021-11-07 13:41:21,953 >>> Begin file list
2021-11-07 13:41:21,954 >>> End file list
2021-11-07 13:41:21,955 >>> ok
2021-11-07 13:41:22,809 >>> wait
2021-11-07 13:41:22,975 >>> wait
2021-11-07 13:41:23,833 >>> wait
2021-11-07 13:41:23,998 >>> wait
2021-11-07 13:41:24,805 >>> wait
2021-11-07 13:41:24,972 >>> wait
2021-11-07 13:41:25,828 >>> wait
2021-11-07 13:41:25,995 >>> wait
2021-11-07 13:41:26,724 <<< M105
2021-11-07 13:41:26,751 >>> ok T:21.30 /0.00 B:21.30 /0.00 @:64
2021-11-07 13:41:26,917 <<< M105
2021-11-07 13:41:26,968 >>> ok T:21.30 /0.00 B:21.30 /0.00 @:64
2021-11-07 13:41:27,773 >>> wait
2021-11-07 13:41:27,939 >>> wait
2021-11-07 13:41:28,745 >>> wait
2021-11-07 13:41:28,962 >>> wait
2021-11-07 13:41:29,767 >>> wait
2021-11-07 13:41:29,936 >>> wait
2021-11-07 13:41:30,791 >>> wait
2021-11-07 13:41:30,959 >>> wait
2021-11-07 13:41:31,724 <<< M105
2021-11-07 13:41:31,767 >>> ok T:21.30 /0.00 B:21.30 /0.00 @:64
2021-11-07 13:41:31,918 <<< M105
2021-11-07 13:41:31,930 >>> ok T:21.30 /0.00 B:21.30 /0.00 @:64
2021-11-07 13:41:32,743 >>> wait
2021-11-07 13:41:32,954 >>> wait
2021-11-07 13:41:33,766 >>> wait
2021-11-07 13:41:33,978 >>> wait
2021-11-07 13:41:34,788 >>> wait
2021-11-07 13:41:34,951 >>> wait
2021-11-07 13:41:35,762 >>> wait
2021-11-07 13:41:35,976 >>> wait
2021-11-07 13:41:36,725 <<< M105
2021-11-07 13:41:36,735 >>> ok T:21.30 /0.00 B:21.30 /0.00 @:64
2021-11-07 13:41:36,918 <<< M105
2021-11-07 13:41:36,950 >>> ok T:21.30 /0.00 B:21.30 /0.00 @:64
2021-11-07 13:41:37,757 >>> wait
2021-11-07 13:41:37,972 >>> wait
2021-11-07 13:41:38,778 >>> wait
2021-11-07 13:41:38,945 >>> wait
2021-11-07 13:41:39,752 >>> wait
2021-11-07 13:41:39,969 >>> wait
2021-11-07 13:41:40,773 >>> wait
2021-11-07 13:41:40,944 >>> wait
2021-11-07 13:41:41,725 <<< M105
2021-11-07 13:41:41,730 >>> ok T:21.30 /0.00 B:21.30 /0.00 @:64
2021-11-07 13:41:41,918 <<< M105
2021-11-07 13:41:41,945 >>> ok T:21.30 /0.00 B:21.30 /0.00 @:64
2021-11-07 13:41:42,752 >>> wait
2021-11-07 13:41:42,970 >>> wait
2021-11-07 13:41:43,776 >>> wait
2021-11-07 13:41:43,942 >>> wait
2021-11-07 13:41:44,749 >>> wait
2021-11-07 13:41:44,966 >>> wait
2021-11-07 13:41:45,773 >>> wait
2021-11-07 13:41:45,989 >>> wait
2021-11-07 13:41:46,726 <<< M105
2021-11-07 13:41:46,745 >>> ok T:21.30 /0.00 B:21.30 /0.00 @:64
2021-11-07 13:41:46,919 <<< M105
2021-11-07 13:41:46,962 >>> ok T:21.30 /0.00 B:21.30 /0.00 @:64
2021-11-07 13:41:47,767 >>> wait
2021-11-07 13:41:47,939 >>> wait
2021-11-07 13:41:48,789 >>> wait
2021-11-07 13:41:48,960 >>> wait
2021-11-07 13:41:49,763 >>> wait
2021-11-07 13:41:50,783 >>> wait
2021-11-07 13:41:51,727 <<< M105
2021-11-07 13:41:51,760 >>> ok T:21.30 /0.00 B:21.30 /0.00 @:64
2021-11-07 13:41:52,781 >>> wait
2021-11-07 13:42:11,651 ------------------------------------------------------------------------------
2021-11-07 13:42:11,679 >>> start
2021-11-07 13:42:11,693 >>> Marlin: Virtual Marlin!
2021-11-07 13:42:11,698 <<< N0 M110 N0*125
2021-11-07 13:42:11,698 >>> €
2021-11-07 13:42:11,709 >>> SD card ok
2021-11-07 13:42:11,712 >>> ok
2021-11-07 13:42:11,713 <<< N1 M115*39
2021-11-07 13:42:11,717 >>> FIRMWARE_NAME: Virtual Marlin 1.0 PROTOCOL_VERSION:1.0
2021-11-07 13:42:11,726 >>> ok
2021-11-07 13:42:11,730 <<< M21
2021-11-07 13:42:11,732 >>> SD card ok
2021-11-07 13:42:11,733 >>> ok
2021-11-07 13:42:11,736 <<< M20
2021-11-07 13:42:11,738 >>> Begin file list
2021-11-07 13:42:11,741 >>> End file list
2021-11-07 13:42:11,742 >>> ok
2021-11-07 13:42:11,893 ------------------------------------------------------------------------------
2021-11-07 13:42:11,923 >>> start
2021-11-07 13:42:11,945 >>> Marlin: Virtual Marlin!
2021-11-07 13:42:11,949 >>> €
2021-11-07 13:42:11,950 <<< N0 M110 N0*125
2021-11-07 13:42:11,954 >>> SD card ok
2021-11-07 13:42:11,956 >>> ok
2021-11-07 13:42:11,958 <<< N1 M115*39
2021-11-07 13:42:11,962 >>> FIRMWARE_NAME: Virtual Marlin 1.0 PROTOCOL_VERSION:1.0
2021-11-07 13:42:11,966 >>> ok
2021-11-07 13:42:11,969 <<< M21
2021-11-07 13:42:11,972 >>> SD card ok
2021-11-07 13:42:11,977 >>> ok
2021-11-07 13:42:11,983 <<< M20
2021-11-07 13:42:11,986 >>> Begin file list
2021-11-07 13:42:11,987 >>> End file list
2021-11-07 13:42:11,989 >>> ok
2021-11-07 13:42:12,766 >>> wait
2021-11-07 13:42:13,012 >>> wait
2021-11-07 13:42:13,786 >>> wait
2021-11-07 13:42:14,755 >>> wait
2021-11-07 13:42:15,774 >>> wait
2021-11-07 13:42:16,684 <<< M105
2021-11-07 13:42:16,692 >>> ok T:21.30 /0.00 B:21.30 /0.00 @:64
2021-11-07 13:42:32,169 ------------------------------------------------------------------------------
2021-11-07 13:42:32,184 >>> start
2021-11-07 13:42:32,196 >>> Marlin: Virtual Marlin!
2021-11-07 13:42:32,198 >>> €
2021-11-07 13:42:32,199 <<< N0 M110 N0*125
2021-11-07 13:42:32,201 >>> SD card ok
2021-11-07 13:42:32,207 >>> ok
2021-11-07 13:42:32,209 <<< N1 M115*39
2021-11-07 13:42:32,213 >>> FIRMWARE_NAME: Virtual Marlin 1.0 PROTOCOL_VERSION:1.0
2021-11-07 13:42:32,216 >>> ok
2021-11-07 13:42:32,218 <<< M21
2021-11-07 13:42:32,220 >>> SD card ok
2021-11-07 13:42:32,222 >>> ok
2021-11-07 13:42:32,228 <<< M20
2021-11-07 13:42:32,232 >>> Begin file list
2021-11-07 13:42:32,233 >>> End file list
2021-11-07 13:42:32,234 >>> ok
2021-11-07 13:42:32,383 ------------------------------------------------------------------------------
2021-11-07 13:42:32,406 >>> start
2021-11-07 13:42:32,426 >>> Marlin: Virtual Marlin!
2021-11-07 13:42:32,429 <<< N0 M110 N0*125
2021-11-07 13:42:32,429 >>> €
2021-11-07 13:42:32,435 >>> SD card ok
2021-11-07 13:42:32,438 >>> ok
2021-11-07 13:42:32,441 <<< N1 M115*39
2021-11-07 13:42:32,450 >>> FIRMWARE_NAME: Virtual Marlin 1.0 PROTOCOL_VERSION:1.0
2021-11-07 13:42:32,456 >>> ok
2021-11-07 13:42:32,458 <<< M21
2021-11-07 13:42:32,465 >>> SD card ok
2021-11-07 13:42:32,467 >>> ok
2021-11-07 13:42:32,469 <<< M20
2021-11-07 13:42:32,471 >>> Begin file list
2021-11-07 13:42:32,472 >>> End file list
2021-11-07 13:42:32,473 >>> ok
2021-11-07 13:42:33,258 >>> wait
2021-11-07 13:42:33,495 >>> wait
2021-11-07 13:42:34,283 >>> wait
2021-11-07 13:42:34,519 >>> wait
2021-11-07 13:42:35,255 >>> wait
2021-11-07 13:42:35,492 >>> wait
2021-11-07 13:42:36,280 >>> wait
2021-11-07 13:42:36,519 >>> wait
2021-11-07 13:42:37,191 <<< M105
2021-11-07 13:42:37,203 >>> ok T:21.30 /0.00 B:21.30 /0.00 @:64
2021-11-07 13:42:37,418 <<< M105
2021-11-07 13:42:37,442 >>> ok T:21.30 /0.00 B:21.30 /0.00 @:64
2021-11-07 13:42:38,227 >>> wait
2021-11-07 13:42:38,467 >>> wait
2021-11-07 13:42:39,250 >>> wait
2021-11-07 13:42:39,441 >>> wait
2021-11-07 13:42:40,224 >>> wait
2021-11-07 13:42:40,464 >>> wait
2021-11-07 13:42:41,228 >>> wait
2021-11-07 13:42:41,467 >>> wait
2021-11-07 13:42:42,192 <<< M105
2021-11-07 13:42:42,201 >>> ok T:21.30 /0.00 B:21.30 /0.00 @:64
2021-11-07 13:42:42,418 <<< M105
2021-11-07 13:42:42,441 >>> ok T:21.30 /0.00 B:21.30 /0.00 @:64
2021-11-07 13:42:43,225 >>> wait
2021-11-07 13:42:43,463 >>> wait
2021-11-07 13:42:44,250 >>> wait
2021-11-07 13:42:44,488 >>> wait
2021-11-07 13:42:45,224 >>> wait
2021-11-07 13:42:45,461 >>> wait
2021-11-07 13:42:46,248 >>> wait
2021-11-07 13:42:46,487 >>> wait
2021-11-07 13:42:47,193 <<< M105
2021-11-07 13:42:47,221 >>> ok T:21.30 /0.00 B:21.30 /0.00 @:64
2021-11-07 13:42:47,419 <<< M105
2021-11-07 13:42:47,463 >>> ok T:21.30 /0.00 B:21.30 /0.00 @:64
2021-11-07 13:42:48,247 >>> wait
2021-11-07 13:42:48,437 >>> wait
2021-11-07 13:42:49,224 >>> wait
2021-11-07 13:42:49,460 >>> wait
2021-11-07 13:42:50,250 >>> wait
2021-11-07 13:42:50,488 >>> wait
2021-11-07 13:42:51,224 >>> wait
2021-11-07 13:42:51,461 >>> wait
2021-11-07 13:42:52,194 <<< M105
2021-11-07 13:42:52,199 >>> ok T:21.30 /0.00 B:21.30 /0.00 @:64
2021-11-07 13:42:52,419 <<< M105
2021-11-07 13:42:52,435 >>> ok T:21.30 /0.00 B:21.30 /0.00 @:64
2021-11-07 13:42:53,222 >>> wait
2021-11-07 13:42:53,460 >>> wait
2021-11-07 13:42:54,246 >>> wait
2021-11-07 13:42:54,437 >>> wait
2021-11-07 13:42:55,271 >>> wait
2021-11-07 13:42:55,460 >>> wait
2021-11-07 13:42:56,246 >>> wait
2021-11-07 13:42:56,483 >>> wait
2021-11-07 13:42:57,195 <<< M105
2021-11-07 13:42:57,219 >>> ok T:21.30 /0.00 B:21.30 /0.00 @:64
2021-11-07 13:42:57,420 <<< M105
2021-11-07 13:42:57,454 >>> ok T:21.30 /0.00 B:21.30 /0.00 @:64
2021-11-07 13:42:58,242 >>> wait
2021-11-07 13:42:58,426 >>> wait
2021-11-07 13:42:59,216 >>> wait
2021-11-07 13:42:59,447 >>> wait
2021-11-07 13:43:00,238 >>> wait
2021-11-07 13:43:00,468 >>> wait
2021-11-07 13:43:01,211 >>> wait
2021-11-07 13:43:02,195 <<< M105
2021-11-07 13:43:02,236 >>> ok T:21.30 /0.00 B:21.30 /0.00 @:64
2021-11-07 13:43:03,207 >>> wait
2021-11-07 13:43:04,226 >>> wait
2021-11-07 13:43:05,246 >>> wait
2021-11-07 13:43:54,915 ------------------------------------------------------------------------------
2021-11-07 13:43:54,933 >>> start
2021-11-07 13:43:54,942 >>> Marlin: Virtual Marlin!
2021-11-07 13:43:54,948 <<< N0 M110 N0*125
2021-11-07 13:43:54,952 >>> €
2021-11-07 13:43:54,955 >>> SD card ok
2021-11-07 13:43:54,957 >>> ok
2021-11-07 13:43:54,958 <<< N1 M115*39
2021-11-07 13:43:54,966 >>> FIRMWARE_NAME: Virtual Marlin 1.0 PROTOCOL_VERSION:1.0
2021-11-07 13:43:54,969 >>> ok
2021-11-07 13:43:54,970 <<< M21
2021-11-07 13:43:54,971 >>> SD card ok
2021-11-07 13:43:54,972 >>> ok
2021-11-07 13:43:54,973 <<< M20
2021-11-07 13:43:54,977 >>> Begin file list
2021-11-07 13:43:54,978 >>> End file list
2021-11-07 13:43:54,979 >>> ok
2021-11-07 13:43:55,098 ------------------------------------------------------------------------------
2021-11-07 13:43:55,117 >>> start
2021-11-07 13:43:55,133 >>> Marlin: Virtual Marlin!
2021-11-07 13:43:55,136 >>> €
2021-11-07 13:43:55,138 <<< N0 M110 N0*125
2021-11-07 13:43:55,142 >>> SD card ok
2021-11-07 13:43:55,147 >>> ok
2021-11-07 13:43:55,150 <<< N1 M115*39
2021-11-07 13:43:55,152 >>> FIRMWARE_NAME: Virtual Marlin 1.0 PROTOCOL_VERSION:1.0
2021-11-07 13:43:55,155 >>> ok
2021-11-07 13:43:55,157 <<< M21
2021-11-07 13:43:55,164 >>> SD card ok
2021-11-07 13:43:55,165 >>> ok
2021-11-07 13:43:55,167 <<< M20
2021-11-07 13:43:55,169 >>> Begin file list
2021-11-07 13:43:55,170 >>> End file list
2021-11-07 13:43:55,171 >>> ok
2021-11-07 13:43:56,003 >>> wait
2021-11-07 13:43:56,194 >>> wait
2021-11-07 13:43:57,027 >>> wait
2021-11-07 13:43:57,218 >>> wait
2021-11-07 13:43:58,002 >>> wait
2021-11-07 13:43:58,190 >>> wait
2021-11-07 13:43:59,027 >>> wait
2021-11-07 13:43:59,213 >>> wait
2021-11-07 13:43:59,942 <<< M105
2021-11-07 13:43:59,951 >>> ok T:21.30 /0.00 B:21.30 /0.00 @:64
2021-11-07 13:44:00,122 <<< M105
2021-11-07 13:44:00,135 >>> ok T:21.30 /0.00 B:21.30 /0.00 @:64
2021-11-07 13:44:00,973 >>> wait
2021-11-07 13:44:01,156 >>> wait
2021-11-07 13:44:01,998 >>> wait
2021-11-07 13:44:02,180 >>> wait
2021-11-07 13:44:02,970 >>> wait
2021-11-07 13:44:03,155 >>> wait
2021-11-07 13:44:03,994 >>> wait
2021-11-07 13:44:04,181 >>> wait
2021-11-07 13:44:04,943 <<< M105
2021-11-07 13:44:04,969 >>> ok T:21.30 /0.00 B:21.30 /0.00 @:64
2021-11-07 13:44:05,123 <<< M105
2021-11-07 13:44:05,154 >>> ok T:21.30 /0.00 B:21.30 /0.00 @:64
2021-11-07 13:44:05,990 >>> wait
2021-11-07 13:44:06,177 >>> wait
2021-11-07 13:44:06,963 >>> wait
2021-11-07 13:44:07,151 >>> wait
2021-11-07 13:44:07,987 >>> wait
2021-11-07 13:44:08,177 >>> wait
2021-11-07 13:44:09,013 >>> wait
2021-11-07 13:44:09,152 >>> wait
2021-11-07 13:44:09,943 <<< M105
2021-11-07 13:44:09,988 >>> ok T:21.30 /0.00 B:21.30 /0.00 @:64
2021-11-07 13:44:10,125 <<< M105
2021-11-07 13:44:10,126 >>> ok T:21.30 /0.00 B:21.30 /0.00 @:64
2021-11-07 13:44:10,990 >>> wait
2021-11-07 13:44:11,179 >>> wait
2021-11-07 13:44:11,965 >>> wait
2021-11-07 13:44:12,155 >>> wait
2021-11-07 13:44:12,989 >>> wait
2021-11-07 13:44:13,177 >>> wait
2021-11-07 13:44:14,014 >>> wait
2021-11-07 13:44:14,150 >>> wait
2021-11-07 13:44:14,944 <<< M105
2021-11-07 13:44:14,989 >>> ok T:21.30 /0.00 B:21.30 /0.00 @:64
2021-11-07 13:44:15,125 <<< M105
2021-11-07 13:44:15,175 >>> ok T:21.30 /0.00 B:21.30 /0.00 @:64
2021-11-07 13:44:15,962 >>> wait
2021-11-07 13:44:16,152 >>> wait
2021-11-07 13:44:16,987 >>> wait
2021-11-07 13:44:17,177 >>> wait
2021-11-07 13:44:17,959 >>> wait
2021-11-07 13:44:18,152 >>> wait
2021-11-07 13:44:18,985 >>> wait
2021-11-07 13:44:19,176 >>> wait
2021-11-07 13:44:19,945 <<< M105
2021-11-07 13:44:19,958 >>> ok T:21.30 /0.00 B:21.30 /0.00 @:64
2021-11-07 13:44:20,126 <<< M105
2021-11-07 13:44:20,150 >>> ok T:21.30 /0.00 B:21.30 /0.00 @:64
2021-11-07 13:44:20,981 >>> wait
2021-11-07 13:44:21,173 >>> wait
2021-11-07 13:44:22,005 >>> wait
2021-11-07 13:44:22,150 >>> wait
2021-11-07 13:44:22,978 >>> wait
2021-11-07 13:44:23,175 >>> wait
2021-11-07 13:44:24,003 >>> wait
2021-11-07 13:44:24,149 >>> wait
2021-11-07 13:44:24,946 <<< M105
2021-11-07 13:44:24,978 >>> ok T:21.30 /0.00 B:21.30 /0.00 @:64
2021-11-07 13:44:25,127 <<< M105
2021-11-07 13:44:25,174 >>> ok T:21.30 /0.00 B:21.30 /0.00 @:64
2021-11-07 13:44:26,000 >>> wait
2021-11-07 13:44:26,147 >>> wait
2021-11-07 13:44:26,973 >>> wait
2021-11-07 13:44:27,169 >>> wait
2021-11-07 13:44:27,998 >>> wait
2021-11-07 13:44:28,145 >>> wait
2021-11-07 13:44:28,973 >>> wait
2021-11-07 13:44:29,172 >>> wait
2021-11-07 13:44:29,947 <<< M105
2021-11-07 13:44:29,997 >>> ok T:21.30 /0.00 B:21.30 /0.00 @:64
2021-11-07 13:44:30,127 <<< M105
2021-11-07 13:44:30,147 >>> ok T:21.30 /0.00 B:21.30 /0.00 @:64
2021-11-07 13:44:30,969 >>> wait
2021-11-07 13:44:31,169 >>> wait
2021-11-07 13:44:31,995 >>> wait
2021-11-07 13:44:32,146 >>> wait
2021-11-07 13:44:33,018 >>> wait
2021-11-07 13:44:33,169 >>> wait
2021-11-07 13:44:33,990 >>> wait
2021-11-07 13:44:34,191 >>> wait
2021-11-07 13:44:34,948 <<< M105
2021-11-07 13:44:34,965 >>> ok T:21.30 /0.00 B:21.30 /0.00 @:64
2021-11-07 13:44:35,128 <<< M105
2021-11-07 13:44:35,166 >>> ok T:21.30 /0.00 B:21.30 /0.00 @:64
2021-11-07 13:44:35,988 >>> wait
2021-11-07 13:44:36,139 >>> wait
2021-11-07 13:44:36,963 >>> wait
2021-11-07 13:44:37,165 >>> wait
2021-11-07 13:44:37,986 >>> wait
2021-11-07 13:44:38,187 >>> wait
2021-11-07 13:44:39,010 >>> wait
2021-11-07 13:44:39,161 >>> wait
2021-11-07 13:44:39,949 <<< M105
2021-11-07 13:44:39,983 >>> ok T:21.30 /0.00 B:21.30 /0.00 @:64
2021-11-07 13:44:40,129 <<< M105
2021-11-07 13:44:40,133 >>> ok T:21.30 /0.00 B:21.30 /0.00 @:64
2021-11-07 13:44:40,984 >>> wait
2021-11-07 13:44:41,183 >>> wait
2021-11-07 13:44:42,006 >>> wait
2021-11-07 13:44:42,157 >>> wait
2021-11-07 13:44:42,982 >>> wait
2021-11-07 13:44:43,184 >>> wait
2021-11-07 13:44:44,003 >>> wait
2021-11-07 13:44:44,204 >>> wait
2021-11-07 13:44:44,949 <<< M105
2021-11-07 13:44:44,975 >>> ok T:21.30 /0.00 B:21.30 /0.00 @:64
2021-11-07 13:44:45,996 >>> wait
2021-11-07 13:44:47,016 >>> wait
2021-11-07 13:44:47,986 >>> wait
2021-11-07 13:44:49,006 >>> wait
2021-11-07 13:44:58,127 ------------------------------------------------------------------------------
2021-11-07 13:44:58,176 >>> start
2021-11-07 13:44:58,197 >>> Marlin: Virtual Marlin!
2021-11-07 13:44:58,202 >>> €
2021-11-07 13:44:58,206 >>> SD card ok
2021-11-07 13:44:58,206 <<< N0 M110 N0*125
2021-11-07 13:44:58,212 >>> ok
2021-11-07 13:44:58,216 <<< N1 M115*39
2021-11-07 13:44:58,224 >>> FIRMWARE_NAME: Virtual Marlin 1.0 PROTOCOL_VERSION:1.0
2021-11-07 13:44:58,234 >>> ok
2021-11-07 13:44:58,237 <<< M21
2021-11-07 13:44:58,240 >>> SD card ok
2021-11-07 13:44:58,243 >>> ok
2021-11-07 13:44:58,245 <<< M20
2021-11-07 13:44:58,249 >>> Begin file list
2021-11-07 13:44:58,253 >>> End file list
2021-11-07 13:44:58,256 >>> ok
2021-11-07 13:44:58,378 ------------------------------------------------------------------------------
2021-11-07 13:44:58,405 >>> start
2021-11-07 13:44:58,435 >>> Marlin: Virtual Marlin!
2021-11-07 13:44:58,443 >>> €
2021-11-07 13:44:58,445 <<< N0 M110 N0*125
2021-11-07 13:44:58,448 >>> SD card ok
2021-11-07 13:44:58,452 >>> ok
2021-11-07 13:44:58,455 <<< N1 M115*39
2021-11-07 13:44:58,458 >>> FIRMWARE_NAME: Virtual Marlin 1.0 PROTOCOL_VERSION:1.0
2021-11-07 13:44:58,461 >>> ok
2021-11-07 13:44:58,463 <<< M21
2021-11-07 13:44:58,466 >>> SD card ok
2021-11-07 13:44:58,470 >>> ok
2021-11-07 13:44:58,472 <<< M20
2021-11-07 13:44:58,475 >>> Begin file list
2021-11-07 13:44:58,477 >>> End file list
2021-11-07 13:44:58,478 >>> ok
2021-11-07 13:44:59,296 >>> wait
2021-11-07 13:44:59,498 >>> wait
2021-11-07 13:45:00,268 >>> wait
2021-11-07 13:45:00,520 >>> wait
2021-11-07 13:45:01,295 >>> wait
2021-11-07 13:45:01,497 >>> wait
2021-11-07 13:45:02,322 >>> wait
2021-11-07 13:45:02,522 >>> wait
2021-11-07 13:45:03,189 <<< M105
2021-11-07 13:45:03,195 >>> ok T:21.30 /0.00 B:21.30 /0.00 @:64
2021-11-07 13:45:03,412 <<< M105
2021-11-07 13:45:03,446 >>> ok T:21.30 /0.00 B:21.30 /0.00 @:64
2021-11-07 13:45:04,216 >>> wait
2021-11-07 13:45:04,418 >>> wait
2021-11-07 13:45:05,239 >>> wait
2021-11-07 13:45:05,440 >>> wait
2021-11-07 13:45:06,212 >>> wait
2021-11-07 13:45:06,463 >>> wait
2021-11-07 13:45:07,236 >>> wait
2021-11-07 13:45:07,437 >>> wait
2021-11-07 13:45:08,190 <<< M105
2021-11-07 13:45:08,209 >>> ok T:21.30 /0.00 B:21.30 /0.00 @:64
2021-11-07 13:45:08,412 <<< M105
2021-11-07 13:45:08,461 >>> ok T:21.30 /0.00 B:21.30 /0.00 @:64
2021-11-07 13:45:09,233 >>> wait
2021-11-07 13:45:09,434 >>> wait
2021-11-07 13:45:10,208 >>> wait
2021-11-07 13:45:10,460 >>> wait
2021-11-07 13:45:11,210 >>> wait
2021-11-07 13:45:11,462 >>> wait
2021-11-07 13:45:12,233 >>> wait
2021-11-07 13:45:12,434 >>> wait
2021-11-07 13:45:13,190 <<< M105
2021-11-07 13:45:13,207 >>> ok T:21.30 /0.00 B:21.30 /0.00 @:64
2021-11-07 13:45:13,412 <<< M105
2021-11-07 13:45:13,458 >>> ok T:21.30 /0.00 B:21.30 /0.00 @:64
2021-11-07 13:45:14,229 >>> wait
2021-11-07 13:45:14,431 >>> wait
2021-11-07 13:45:15,252 >>> wait
2021-11-07 13:45:15,453 >>> wait
2021-11-07 13:45:16,225 >>> wait
2021-11-07 13:45:16,478 >>> wait
2021-11-07 13:45:17,251 >>> wait
2021-11-07 13:45:17,453 >>> wait
2021-11-07 13:45:18,191 <<< M105
2021-11-07 13:45:18,224 >>> ok T:21.30 /0.00 B:21.30 /0.00 @:64
2021-11-07 13:45:18,413 <<< M105
2021-11-07 13:45:18,426 >>> ok T:21.30 /0.00 B:21.30 /0.00 @:64
2021-11-07 13:45:19,198 >>> wait
2021-11-07 13:45:19,450 >>> wait
2021-11-07 13:45:20,220 >>> wait
2021-11-07 13:45:20,473 >>> wait
2021-11-07 13:45:21,244 >>> wait
2021-11-07 13:45:21,445 >>> wait
2021-11-07 13:45:22,268 >>> wait
2021-11-07 13:45:22,469 >>> wait
2021-11-07 13:45:23,192 <<< M105
2021-11-07 13:45:23,241 >>> ok T:21.30 /0.00 B:21.30 /0.00 @:64
2021-11-07 13:45:23,413 <<< M105
2021-11-07 13:45:23,442 >>> ok T:21.30 /0.00 B:21.30 /0.00 @:64
2021-11-07 13:45:24,213 >>> wait
2021-11-07 13:45:24,464 >>> wait
2021-11-07 13:45:25,236 >>> wait
2021-11-07 13:45:25,438 >>> wait
2021-11-07 13:45:26,212 >>> wait
2021-11-07 13:45:26,464 >>> wait
2021-11-07 13:45:27,236 >>> wait
2021-11-07 13:45:27,486 >>> wait
2021-11-07 13:45:28,192 <<< M105
2021-11-07 13:45:28,210 >>> ok T:21.30 /0.00 B:21.30 /0.00 @:64
2021-11-07 13:45:28,414 <<< M105
2021-11-07 13:45:28,461 >>> ok T:21.30 /0.00 B:21.30 /0.00 @:64
2021-11-07 13:45:29,232 >>> wait
2021-11-07 13:45:29,434 >>> wait
2021-11-07 13:45:30,256 >>> wait
2021-11-07 13:45:30,459 >>> wait
2021-11-07 13:45:31,230 >>> wait
2021-11-07 13:45:31,482 >>> wait
2021-11-07 13:45:32,253 >>> wait
2021-11-07 13:45:32,454 >>> wait
2021-11-07 13:45:33,193 <<< M105
2021-11-07 13:45:33,225 >>> ok T:21.30 /0.00 B:21.30 /0.00 @:64
2021-11-07 13:45:33,415 <<< M105
2021-11-07 13:45:33,426 >>> ok T:21.30 /0.00 B:21.30 /0.00 @:64
2021-11-07 13:45:34,197 >>> wait
2021-11-07 13:45:34,449 >>> wait
2021-11-07 13:45:35,220 >>> wait
2021-11-07 13:45:35,472 >>> wait
2021-11-07 13:45:36,252 >>> wait
2021-11-07 13:45:36,467 >>> wait
2021-11-07 13:45:37,225 >>> wait
2021-11-07 13:45:37,441 >>> wait
2021-11-07 13:45:38,193 <<< M105
2021-11-07 13:45:38,197 >>> ok T:21.30 /0.00 B:21.30 /0.00 @:64
2021-11-07 13:45:38,415 <<< M105
2021-11-07 13:45:38,463 >>> ok T:21.30 /0.00 B:21.30 /0.00 @:64
2021-11-07 13:45:39,217 >>> wait
2021-11-07 13:45:40,237 >>> wait
2021-11-07 13:45:41,235 >>> wait
2021-11-07 13:45:42,256 >>> wait
